#
# There is insufficient memory for the Java Runtime Environment to continue.
# Native memory allocation (malloc) failed to allocate 456656 bytes. Error detail: Chunk::new
# Possible reasons:
#   The system is out of physical RAM or swap space
#   This process is running with CompressedOops enabled, and the Java Heap may be blocking the growth of the native heap
# Possible solutions:
#   Reduce memory load on the system
#   Increase physical memory or swap space
#   Check if swap backing store is full
#   Decrease Java heap size (-Xmx/-Xms)
#   Decrease number of Java threads
#   Decrease Java thread stack sizes (-Xss)
#   Set larger code cache with -XX:ReservedCodeCacheSize=
#   JVM is running with Unscaled Compressed Oops mode in which the Java heap is
#     placed in the first 4GB address space. The Java Heap base address is the
#     maximum limit for the native heap growth. Please use -XX:HeapBaseMinAddress
#     to set the Java Heap base and to place the Java Heap above 4GB virtual address.
# This output file may be truncated or incomplete.
#
#  Out of Memory Error (arena.cpp:168), pid=23776, tid=4424
#
# JRE version: OpenJDK Runtime Environment Temurin-21.0.8+9 (21.0.8+9) (build 21.0.8+9-LTS)
# Java VM: OpenJDK 64-Bit Server VM Temurin-21.0.8+9 (21.0.8+9-LTS, mixed mode, sharing, tiered, compressed oops, compressed class ptrs, parallel gc, windows-amd64)
# No core dump will be written. Minidumps are not enabled by default on client versions of Windows
#

---------------  S U M M A R Y ------------

Command Line: --add-modules=ALL-SYSTEM --add-opens=java.base/java.util=ALL-UNNAMED --add-opens=java.base/java.lang=ALL-UNNAMED --add-opens=java.base/sun.nio.fs=ALL-UNNAMED -Declipse.application=org.eclipse.jdt.ls.core.id1 -Dosgi.bundles.defaultStartLevel=4 -Declipse.product=org.eclipse.jdt.ls.core.product -Djava.import.generatesMetadataFilesAtProjectRoot=false -DDetectVMInstallationsJob.disabled=true -Dfile.encoding=utf8 -XX:+UseParallelGC -XX:GCTimeRatio=4 -XX:AdaptiveSizePolicyWeight=90 -Dsun.zip.disableMemoryMapping=true -Xmx2G -Xms100m -Xlog:disable -javaagent:c:\Users\sangt\.vscode\extensions\redhat.java-1.47.0-win32-x64\lombok\lombok-1.18.39-4050.jar -XX:+HeapDumpOnOutOfMemoryError -XX:HeapDumpPath=c:\Users\sangt\AppData\Roaming\Code\User\workspaceStorage\5f22a2f0accf916092cfcaf2fe6e7c8b\redhat.java -Daether.dependencyCollector.impl=bf c:\Users\sangt\.vscode\extensions\redhat.java-1.47.0-win32-x64\server\plugins\org.eclipse.equinox.launcher_1.7.100.v20251014-1222.jar -configuration c:\Users\sangt\AppData\Roaming\Code\User\globalStorage\redhat.java\1.47.0\config_win -data c:\Users\sangt\AppData\Roaming\Code\User\workspaceStorage\5f22a2f0accf916092cfcaf2fe6e7c8b\redhat.java\jdt_ws --pipe=\\.\pipe\lsp-6a4ee04b8c9e97759d15e86dcbdb34d3-sock

Host: 11th Gen Intel(R) Core(TM) i5-11400H @ 2.70GHz, 12 cores, 19G,  Windows 11 , 64 bit Build 26100 (10.0.26100.6725)
Time: Thu Nov 13 12:37:32 2025 SE Asia Standard Time elapsed time: 16.903449 seconds (0d 0h 0m 16s)

---------------  T H R E A D  ---------------

Current thread (0x000001df6587acb0):  JavaThread "C2 CompilerThread2" daemon [_thread_in_native, id=4424, stack(0x000000ce6bd00000,0x000000ce6be00000) (1024K)]


Current CompileTask:
C2:16903 7739       4       org.eclipse.jdt.internal.compiler.util.JrtFileSystem$2::visitFile (10 bytes)

Stack: [0x000000ce6bd00000,0x000000ce6be00000]
Native frames: (J=compiled Java code, j=interpreted, Vv=VM code, C=native code)
V  [jvm.dll+0x6d2449]
V  [jvm.dll+0x8ae341]
V  [jvm.dll+0x8b08be]
V  [jvm.dll+0x8b0fa3]
V  [jvm.dll+0x280c96]
V  [jvm.dll+0xc581d]
V  [jvm.dll+0xc5d53]
V  [jvm.dll+0x3b9162]
V  [jvm.dll+0x1e1213]
V  [jvm.dll+0x249022]
V  [jvm.dll+0x2484af]
V  [jvm.dll+0x1c89ee]
V  [jvm.dll+0x257d4d]
V  [jvm.dll+0x2562ea]
V  [jvm.dll+0x3f2d16]
V  [jvm.dll+0x857e6b]
V  [jvm.dll+0x6d0b0d]
C  [ucrtbase.dll+0x37b0]
C  [KERNEL32.DLL+0x2e8d7]
C  [ntdll.dll+0x8c53c]


---------------  P R O C E S S  ---------------

Threads class SMR info:
_java_thread_list=0x000001df69834630, length=50, elements={
0x000001df4548e610, 0x000001df478bc8e0, 0x000001df478be5a0, 0x000001df47799960,
0x000001df477992d0, 0x000001df4779ad10, 0x000001df4779b3a0, 0x000001df477a9240,
0x000001df477a9b60, 0x000001df47799ff0, 0x000001df4779a680, 0x000001df477985b0,
0x000001df4779ba30, 0x000001df60c633b0, 0x000001df60c612e0, 0x000001df60c60c50,
0x000001df60c63a40, 0x000001df60c605c0, 0x000001df60c64760, 0x000001df60c64df0,
0x000001df60c61970, 0x000001df60c62000, 0x000001df60c65480, 0x000001df60c65b10,
0x000001df60c62690, 0x000001df60c661a0, 0x000001df60c62d20, 0x000001df60c66830,
0x000001df60c66ec0, 0x000001df60c67550, 0x000001df60c67be0, 0x000001df676c51b0,
0x000001df676c5840, 0x000001df676c5ed0, 0x000001df676c30e0, 0x000001df676c3770,
0x000001df676c2a50, 0x000001df676c4490, 0x000001df676c6560, 0x000001df676c7280,
0x000001df676c3e00, 0x000001df676c4b20, 0x000001df676c8cc0, 0x000001df676c7910,
0x000001df676c7fa0, 0x000001df676c99e0, 0x000001df676ca070, 0x000001df67d1c1f0,
0x000001df5f8dd910, 0x000001df6587acb0
}

Java Threads: ( => current thread )
  0x000001df4548e610 JavaThread "main"                              [_thread_blocked, id=6328, stack(0x000000ce67d00000,0x000000ce67e00000) (1024K)]
  0x000001df478bc8e0 JavaThread "Reference Handler"          daemon [_thread_blocked, id=17316, stack(0x000000ce68100000,0x000000ce68200000) (1024K)]
  0x000001df478be5a0 JavaThread "Finalizer"                  daemon [_thread_blocked, id=2676, stack(0x000000ce68200000,0x000000ce68300000) (1024K)]
  0x000001df47799960 JavaThread "Signal Dispatcher"          daemon [_thread_blocked, id=3300, stack(0x000000ce68300000,0x000000ce68400000) (1024K)]
  0x000001df477992d0 JavaThread "Attach Listener"            daemon [_thread_blocked, id=22284, stack(0x000000ce68400000,0x000000ce68500000) (1024K)]
  0x000001df4779ad10 JavaThread "Service Thread"             daemon [_thread_blocked, id=24028, stack(0x000000ce68500000,0x000000ce68600000) (1024K)]
  0x000001df4779b3a0 JavaThread "Monitor Deflation Thread"   daemon [_thread_blocked, id=23216, stack(0x000000ce68600000,0x000000ce68700000) (1024K)]
  0x000001df477a9240 JavaThread "C2 CompilerThread0"         daemon [_thread_in_native, id=19388, stack(0x000000ce68700000,0x000000ce68800000) (1024K)]
  0x000001df477a9b60 JavaThread "C1 CompilerThread0"         daemon [_thread_blocked, id=17524, stack(0x000000ce68800000,0x000000ce68900000) (1024K)]
  0x000001df47799ff0 JavaThread "Common-Cleaner"             daemon [_thread_blocked, id=7632, stack(0x000000ce68900000,0x000000ce68a00000) (1024K)]
  0x000001df4779a680 JavaThread "Notification Thread"        daemon [_thread_blocked, id=8960, stack(0x000000ce68b00000,0x000000ce68c00000) (1024K)]
  0x000001df477985b0 JavaThread "Active Thread: Equinox Container: 6631874b-a422-46d4-accc-c7e4fd581e6a"        [_thread_blocked, id=4068, stack(0x000000ce69300000,0x000000ce69400000) (1024K)]
  0x000001df4779ba30 JavaThread "Refresh Thread: Equinox Container: 6631874b-a422-46d4-accc-c7e4fd581e6a" daemon [_thread_blocked, id=10524, stack(0x000000ce69400000,0x000000ce69500000) (1024K)]
  0x000001df60c633b0 JavaThread "Framework Event Dispatcher: Equinox Container: 6631874b-a422-46d4-accc-c7e4fd581e6a" daemon [_thread_blocked, id=12188, stack(0x000000ce69600000,0x000000ce69700000) (1024K)]
  0x000001df60c612e0 JavaThread "Start Level: Equinox Container: 6631874b-a422-46d4-accc-c7e4fd581e6a" daemon [_thread_blocked, id=3644, stack(0x000000ce69700000,0x000000ce69800000) (1024K)]
  0x000001df60c60c50 JavaThread "Bundle File Closer"         daemon [_thread_blocked, id=17392, stack(0x000000ce69a00000,0x000000ce69b00000) (1024K)]
  0x000001df60c63a40 JavaThread "SCR Component Actor"        daemon [_thread_blocked, id=18912, stack(0x000000ce69b00000,0x000000ce69c00000) (1024K)]
  0x000001df60c605c0 JavaThread "Worker-JM"                         [_thread_blocked, id=18992, stack(0x000000ce69c00000,0x000000ce69d00000) (1024K)]
  0x000001df60c64760 JavaThread "JNA Cleaner"                daemon [_thread_blocked, id=18808, stack(0x000000ce68c00000,0x000000ce68d00000) (1024K)]
  0x000001df60c64df0 JavaThread "Worker-0"                          [_thread_blocked, id=24148, stack(0x000000ce69d00000,0x000000ce69e00000) (1024K)]
  0x000001df60c61970 JavaThread "Worker-1"                          [_thread_blocked, id=21100, stack(0x000000ce69e00000,0x000000ce69f00000) (1024K)]
  0x000001df60c62000 JavaThread "Java indexing"              daemon [_thread_blocked, id=20432, stack(0x000000ce6a000000,0x000000ce6a100000) (1024K)]
  0x000001df60c65480 JavaThread "Worker-2"                          [_thread_blocked, id=14736, stack(0x000000ce6a300000,0x000000ce6a400000) (1024K)]
  0x000001df60c65b10 JavaThread "Worker-3: Initialize workspace"        [_thread_blocked, id=11628, stack(0x000000ce6a400000,0x000000ce6a500000) (1024K)]
  0x000001df60c62690 JavaThread "Thread-1"                   daemon [_thread_in_native, id=12784, stack(0x000000ce6a500000,0x000000ce6a600000) (1024K)]
  0x000001df60c661a0 JavaThread "Thread-2"                   daemon [_thread_in_native, id=16036, stack(0x000000ce6a600000,0x000000ce6a700000) (1024K)]
  0x000001df60c62d20 JavaThread "Thread-3"                   daemon [_thread_in_native, id=2992, stack(0x000000ce6a700000,0x000000ce6a800000) (1024K)]
  0x000001df60c66830 JavaThread "Thread-4"                   daemon [_thread_in_native, id=12832, stack(0x000000ce6a800000,0x000000ce6a900000) (1024K)]
  0x000001df60c66ec0 JavaThread "Thread-5"                   daemon [_thread_in_native, id=21520, stack(0x000000ce6a900000,0x000000ce6aa00000) (1024K)]
  0x000001df60c67550 JavaThread "Thread-6"                   daemon [_thread_in_native, id=24352, stack(0x000000ce6aa00000,0x000000ce6ab00000) (1024K)]
  0x000001df60c67be0 JavaThread "Thread-7"                   daemon [_thread_in_native, id=16436, stack(0x000000ce6ab00000,0x000000ce6ac00000) (1024K)]
  0x000001df676c51b0 JavaThread "Thread-8"                   daemon [_thread_in_native, id=380, stack(0x000000ce6ac00000,0x000000ce6ad00000) (1024K)]
  0x000001df676c5840 JavaThread "Thread-9"                   daemon [_thread_in_native, id=20028, stack(0x000000ce6ad00000,0x000000ce6ae00000) (1024K)]
  0x000001df676c5ed0 JavaThread "Thread-10"                  daemon [_thread_in_native, id=16444, stack(0x000000ce6ae00000,0x000000ce6af00000) (1024K)]
  0x000001df676c30e0 JavaThread "Thread-11"                  daemon [_thread_in_native, id=7148, stack(0x000000ce6af00000,0x000000ce6b000000) (1024K)]
  0x000001df676c3770 JavaThread "Thread-12"                  daemon [_thread_in_native, id=23180, stack(0x000000ce6b000000,0x000000ce6b100000) (1024K)]
  0x000001df676c2a50 JavaThread "Thread-13"                  daemon [_thread_in_native, id=2092, stack(0x000000ce6b100000,0x000000ce6b200000) (1024K)]
  0x000001df676c4490 JavaThread "pool-2-thread-1"                   [_thread_blocked, id=21872, stack(0x000000ce6b200000,0x000000ce6b300000) (1024K)]
  0x000001df676c6560 JavaThread "WorkspaceEventsHandler"            [_thread_blocked, id=20048, stack(0x000000ce6b300000,0x000000ce6b400000) (1024K)]
  0x000001df676c7280 JavaThread "pool-1-thread-1"                   [_thread_blocked, id=19676, stack(0x000000ce6b400000,0x000000ce6b500000) (1024K)]
  0x000001df676c3e00 JavaThread "Worker-4"                          [_thread_blocked, id=9560, stack(0x000000ce6b600000,0x000000ce6b700000) (1024K)]
  0x000001df676c4b20 JavaThread "Worker-5"                          [_thread_blocked, id=15312, stack(0x000000ce6b700000,0x000000ce6b800000) (1024K)]
  0x000001df676c8cc0 JavaThread "Keep-Alive-Timer"           daemon [_thread_blocked, id=24548, stack(0x000000ce6b800000,0x000000ce6b900000) (1024K)]
  0x000001df676c7910 JavaThread "ForkJoinPool.commonPool-worker-1" daemon [_thread_blocked, id=3568, stack(0x000000ce6b900000,0x000000ce6ba00000) (1024K)]
  0x000001df676c7fa0 JavaThread "ForkJoinPool.commonPool-worker-2" daemon [_thread_blocked, id=18924, stack(0x000000ce6ba00000,0x000000ce6bb00000) (1024K)]
  0x000001df676c99e0 JavaThread "ForkJoinPool.commonPool-worker-3" daemon [_thread_blocked, id=15868, stack(0x000000ce6bb00000,0x000000ce6bc00000) (1024K)]
  0x000001df676ca070 JavaThread "Timer-0"                           [_thread_blocked, id=23724, stack(0x000000ce6bc00000,0x000000ce6bd00000) (1024K)]
  0x000001df67d1c1f0 JavaThread "ForkJoinPool.commonPool-worker-4" daemon [_thread_blocked, id=24516, stack(0x000000ce68a00000,0x000000ce68b00000) (1024K)]
  0x000001df5f8dd910 JavaThread "C2 CompilerThread1"         daemon [_thread_in_native, id=13724, stack(0x000000ce69f00000,0x000000ce6a000000) (1024K)]
=>0x000001df6587acb0 JavaThread "C2 CompilerThread2"         daemon [_thread_in_native, id=4424, stack(0x000000ce6bd00000,0x000000ce6be00000) (1024K)]
Total: 50

Other Threads:
  0x000001df478a79a0 VMThread "VM Thread"                           [id=14004, stack(0x000000ce68000000,0x000000ce68100000) (1024K)] _threads_hazard_ptr=0x000001df69834630
  0x000001df478739f0 WatcherThread "VM Periodic Task Thread"        [id=23580, stack(0x000000ce67f00000,0x000000ce68000000) (1024K)]
  0x000001df47826300 WorkerThread "GC Thread#0"                     [id=21268, stack(0x000000ce67e00000,0x000000ce67f00000) (1024K)]
  0x000001df60630fa0 WorkerThread "GC Thread#1"                     [id=10744, stack(0x000000ce68d00000,0x000000ce68e00000) (1024K)]
  0x000001df60631340 WorkerThread "GC Thread#2"                     [id=10480, stack(0x000000ce68e00000,0x000000ce68f00000) (1024K)]
  0x000001df606316e0 WorkerThread "GC Thread#3"                     [id=18092, stack(0x000000ce68f00000,0x000000ce69000000) (1024K)]
  0x000001df604be0f0 WorkerThread "GC Thread#4"                     [id=14140, stack(0x000000ce69000000,0x000000ce69100000) (1024K)]
  0x000001df604be490 WorkerThread "GC Thread#5"                     [id=5552, stack(0x000000ce69100000,0x000000ce69200000) (1024K)]
  0x000001df604be830 WorkerThread "GC Thread#6"                     [id=18664, stack(0x000000ce69200000,0x000000ce69300000) (1024K)]
  0x000001df60c5eb30 WorkerThread "GC Thread#7"                     [id=21752, stack(0x000000ce69500000,0x000000ce69600000) (1024K)]
  0x000001df653d2280 WorkerThread "GC Thread#8"                     [id=6516, stack(0x000000ce69800000,0x000000ce69900000) (1024K)]
  0x000001df653d2d60 WorkerThread "GC Thread#9"                     [id=24572, stack(0x000000ce69900000,0x000000ce69a00000) (1024K)]
Total: 12

Threads with active compile tasks:
C2 CompilerThread0  17393 7908       4       java.util.HashMap::removeNode (291 bytes)
C2 CompilerThread1  17393 7789       4       org.eclipse.jdt.internal.compiler.util.JrtFileSystem$2::visitFile (72 bytes)
C2 CompilerThread2  17393 7739       4       org.eclipse.jdt.internal.compiler.util.JrtFileSystem$2::visitFile (10 bytes)
Total: 3

VM state: not at safepoint (normal execution)

VM Mutex/Monitor currently owned by a thread:  ([mutex/lock_event])
[0x00007fffa0514058] CompileStatistics_lock - owner thread: 0x0000000000000000

Heap address: 0x0000000080000000, size: 2048 MB, Compressed Oops mode: 32-bit

CDS archive(s) mapped at: [0x000001df00000000-0x000001df00ba0000-0x000001df00ba0000), size 12189696, SharedBaseAddress: 0x000001df00000000, ArchiveRelocationMode: 1.
Compressed class space mapped at: 0x000001df01000000-0x000001df41000000, reserved size: 1073741824
Narrow klass base: 0x000001df00000000, Narrow klass shift: 0, Narrow klass range: 0x100000000

GC Precious Log:
 CardTable entry size: 512
 CPUs: 12 total, 12 available
 Memory: 20117M
 Large Page Support: Disabled
 NUMA Support: Disabled
 Compressed Oops: Enabled (32-bit)
 Alignments: Space 512K, Generation 512K, Heap 2M
 Heap Min Capacity: 100M
 Heap Initial Capacity: 100M
 Heap Max Capacity: 2G
 Pre-touch: Disabled
 Parallel Workers: 10

Heap:
 PSYoungGen      total 20992K, used 19846K [0x00000000d5580000, 0x00000000d6d00000, 0x0000000100000000)
  eden space 18432K, 96% used [0x00000000d5580000,0x00000000d66c9a60,0x00000000d6780000)
  from space 2560K, 83% used [0x00000000d6a80000,0x00000000d6c98010,0x00000000d6d00000)
  to   space 2560K, 0% used [0x00000000d6800000,0x00000000d6800000,0x00000000d6a80000)
 ParOldGen       total 68608K, used 52997K [0x0000000080000000, 0x0000000084300000, 0x00000000d5580000)
  object space 68608K, 77% used [0x0000000080000000,0x00000000833c14b8,0x0000000084300000)
 Metaspace       used 60362K, committed 61696K, reserved 1114112K
  class space    used 7105K, committed 7680K, reserved 1048576K

Card table byte_map: [0x000001df471a0000,0x000001df475b0000] _byte_map_base: 0x000001df46da0000

Marking Bits: (ParMarkBitMap*) 0x00007fffa051a340
 Begin Bits: [0x000001df59ca0000, 0x000001df5bca0000)
 End Bits:   [0x000001df5bca0000, 0x000001df5dca0000)

Polling page: 0x000001df45660000

Metaspace:

Usage:
  Non-class:     52.01 MB used.
      Class:      6.94 MB used.
       Both:     58.95 MB used.

Virtual space:
  Non-class space:       64.00 MB reserved,      52.75 MB ( 82%) committed,  1 nodes.
      Class space:        1.00 GB reserved,       7.50 MB ( <1%) committed,  1 nodes.
             Both:        1.06 GB reserved,      60.25 MB (  6%) committed. 

Chunk freelists:
   Non-Class:  10.78 MB
       Class:  8.32 MB
        Both:  19.10 MB

MaxMetaspaceSize: unlimited
CompressedClassSpaceSize: 1.00 GB
Initial GC threshold: 21.00 MB
Current GC threshold: 97.31 MB
CDS: on
 - commit_granule_bytes: 65536.
 - commit_granule_words: 8192.
 - virtual_space_node_default_size: 8388608.
 - enlarge_chunks_in_place: 1.
 - use_allocation_guard: 0.


Internal statistics:

num_allocs_failed_limit: 9.
num_arena_births: 994.
num_arena_deaths: 14.
num_vsnodes_births: 2.
num_vsnodes_deaths: 0.
num_space_committed: 964.
num_space_uncommitted: 0.
num_chunks_returned_to_freelist: 23.
num_chunks_taken_from_freelist: 3430.
num_chunk_merges: 10.
num_chunk_splits: 2215.
num_chunks_enlarged: 1427.
num_inconsistent_stats: 0.

CodeHeap 'non-profiled nmethods': size=120000Kb used=4738Kb max_used=4738Kb free=115262Kb
 bounds [0x000001df524c0000, 0x000001df52970000, 0x000001df599f0000]
CodeHeap 'profiled nmethods': size=120000Kb used=14250Kb max_used=14250Kb free=105749Kb
 bounds [0x000001df4a9f0000, 0x000001df4b7e0000, 0x000001df51f20000]
CodeHeap 'non-nmethods': size=5760Kb used=1436Kb max_used=1483Kb free=4323Kb
 bounds [0x000001df51f20000, 0x000001df52190000, 0x000001df524c0000]
CodeCache: size=245760Kb, used=20424Kb, max_used=20471Kb, free=225334Kb
 total_blobs=7944, nmethods=7213, adapters=637, full_count=0
Compilation: enabled, stopped_count=0, restarted_count=0

Compilation events (20 events):
Event: 14.885 Thread 0x000001df477a9b60 nmethod 7941 0x000001df4b7d6b90 code [0x000001df4b7d6dc0, 0x000001df4b7d7660]
Event: 14.885 Thread 0x000001df477a9b60 7940       3       org.eclipse.jdt.internal.core.util.Util::equalArraysOrNull (72 bytes)
Event: 14.885 Thread 0x000001df477a9b60 nmethod 7940 0x000001df4b7d7a10 code [0x000001df4b7d7c00, 0x000001df4b7d8100]
Event: 14.885 Thread 0x000001df477a9b60 7943       3       org.eclipse.jdt.internal.core.JavaProjectElementInfo::addSuperPackageNames (47 bytes)
Event: 14.885 Thread 0x000001df477a9b60 nmethod 7943 0x000001df4b7d8290 code [0x000001df4b7d8480, 0x000001df4b7d8980]
Event: 14.885 Thread 0x000001df477a9b60 7942       3       org.eclipse.jdt.internal.core.util.HashtableOfArrayToObject::get (69 bytes)
Event: 14.885 Thread 0x000001df477a9b60 nmethod 7942 0x000001df4b7d8b10 code [0x000001df4b7d8d00, 0x000001df4b7d9128]
Event: 14.885 Thread 0x000001df477a9b60 7928       3       org.eclipse.jdt.internal.compiler.classfmt.ModuleInfo$ModuleReferenceInfo::<init> (15 bytes)
Event: 14.885 Thread 0x000001df477a9b60 nmethod 7928 0x000001df4b7d9390 code [0x000001df4b7d9540, 0x000001df4b7d96c8]
Event: 14.885 Thread 0x000001df477a9b60 7935       1       org.eclipse.jdt.internal.core.JavaProject::getProject (5 bytes)
Event: 14.885 Thread 0x000001df477a9b60 nmethod 7935 0x000001df5295a690 code [0x000001df5295a820, 0x000001df5295a8e8]
Event: 14.885 Thread 0x000001df477a9b60 7937       3       org.eclipse.jdt.internal.core.util.HashtableOfArrayToObject::hashCode (8 bytes)
Event: 14.885 Thread 0x000001df477a9b60 nmethod 7937 0x000001df4b7d9790 code [0x000001df4b7d9940, 0x000001df4b7d9a80]
Event: 14.885 Thread 0x000001df477a9b60 7930       3       org.eclipse.jdt.internal.compiler.classfmt.ClassFileStruct::<init> (20 bytes)
Event: 14.886 Thread 0x000001df477a9b60 nmethod 7930 0x000001df4b7d9b90 code [0x000001df4b7d9d40, 0x000001df4b7d9ee0]
Event: 14.886 Thread 0x000001df477a9b60 7929       1       org.eclipse.jdt.internal.compiler.classfmt.ModuleInfo::requires (5 bytes)
Event: 14.886 Thread 0x000001df477a9b60 nmethod 7929 0x000001df5295a990 code [0x000001df5295ab20, 0x000001df5295abe8]
Event: 14.886 Thread 0x000001df477a9b60 7927       3       org.eclipse.jdt.internal.core.OverflowingLRUCache::updateTimestamp (43 bytes)
Event: 14.886 Thread 0x000001df477a9b60 nmethod 7927 0x000001df4b7d9f90 code [0x000001df4b7da160, 0x000001df4b7da568]
Event: 15.027 Thread 0x000001df477a9b60 7944       1       org.eclipse.core.internal.jobs.InternalJob::getRule (5 bytes)

GC Heap History (20 events):
Event: 11.964 GC heap before
{Heap before GC invocations=32 (full 2):
 PSYoungGen      total 21504K, used 19264K [0x00000000d5580000, 0x00000000d6d80000, 0x0000000100000000)
  eden space 18944K, 100% used [0x00000000d5580000,0x00000000d6800000,0x00000000d6800000)
  from space 2560K, 12% used [0x00000000d6900000,0x00000000d6950000,0x00000000d6b80000)
  to   space 1024K, 0% used [0x00000000d6c80000,0x00000000d6c80000,0x00000000d6d80000)
 ParOldGen       total 68608K, used 41717K [0x0000000080000000, 0x0000000084300000, 0x00000000d5580000)
  object space 68608K, 60% used [0x0000000080000000,0x00000000828bd7a0,0x0000000084300000)
 Metaspace       used 58010K, committed 59264K, reserved 1114112K
  class space    used 6861K, committed 7424K, reserved 1048576K
}
Event: 11.965 GC heap after
{Heap after GC invocations=32 (full 2):
 PSYoungGen      total 19456K, used 256K [0x00000000d5580000, 0x00000000d6d00000, 0x0000000100000000)
  eden space 18944K, 0% used [0x00000000d5580000,0x00000000d5580000,0x00000000d6800000)
  from space 512K, 50% used [0x00000000d6c80000,0x00000000d6cc0000,0x00000000d6d00000)
  to   space 512K, 0% used [0x00000000d6c00000,0x00000000d6c00000,0x00000000d6c80000)
 ParOldGen       total 68608K, used 41933K [0x0000000080000000, 0x0000000084300000, 0x00000000d5580000)
  object space 68608K, 61% used [0x0000000080000000,0x00000000828f37a0,0x0000000084300000)
 Metaspace       used 58010K, committed 59264K, reserved 1114112K
  class space    used 6861K, committed 7424K, reserved 1048576K
}
Event: 13.388 GC heap before
{Heap before GC invocations=33 (full 2):
 PSYoungGen      total 19456K, used 19200K [0x00000000d5580000, 0x00000000d6d00000, 0x0000000100000000)
  eden space 18944K, 100% used [0x00000000d5580000,0x00000000d6800000,0x00000000d6800000)
  from space 512K, 50% used [0x00000000d6c80000,0x00000000d6cc0000,0x00000000d6d00000)
  to   space 512K, 0% used [0x00000000d6c00000,0x00000000d6c00000,0x00000000d6c80000)
 ParOldGen       total 68608K, used 41933K [0x0000000080000000, 0x0000000084300000, 0x00000000d5580000)
  object space 68608K, 61% used [0x0000000080000000,0x00000000828f37a0,0x0000000084300000)
 Metaspace       used 58524K, committed 59776K, reserved 1114112K
  class space    used 6924K, committed 7488K, reserved 1048576K
}
Event: 13.389 GC heap after
{Heap after GC invocations=33 (full 2):
 PSYoungGen      total 19456K, used 508K [0x00000000d5580000, 0x00000000d6d00000, 0x0000000100000000)
  eden space 18944K, 0% used [0x00000000d5580000,0x00000000d5580000,0x00000000d6800000)
  from space 512K, 99% used [0x00000000d6c00000,0x00000000d6c7f338,0x00000000d6c80000)
  to   space 512K, 0% used [0x00000000d6c80000,0x00000000d6c80000,0x00000000d6d00000)
 ParOldGen       total 68608K, used 42327K [0x0000000080000000, 0x0000000084300000, 0x00000000d5580000)
  object space 68608K, 61% used [0x0000000080000000,0x0000000082955e80,0x0000000084300000)
 Metaspace       used 58524K, committed 59776K, reserved 1114112K
  class space    used 6924K, committed 7488K, reserved 1048576K
}
Event: 13.390 GC heap before
{Heap before GC invocations=34 (full 2):
 PSYoungGen      total 19456K, used 993K [0x00000000d5580000, 0x00000000d6d00000, 0x0000000100000000)
  eden space 18944K, 2% used [0x00000000d5580000,0x00000000d55f9460,0x00000000d6800000)
  from space 512K, 99% used [0x00000000d6c00000,0x00000000d6c7f338,0x00000000d6c80000)
  to   space 512K, 0% used [0x00000000d6c80000,0x00000000d6c80000,0x00000000d6d00000)
 ParOldGen       total 68608K, used 42327K [0x0000000080000000, 0x0000000084300000, 0x00000000d5580000)
  object space 68608K, 61% used [0x0000000080000000,0x0000000082955e80,0x0000000084300000)
 Metaspace       used 58525K, committed 59776K, reserved 1114112K
  class space    used 6924K, committed 7488K, reserved 1048576K
}
Event: 13.391 GC heap after
{Heap after GC invocations=34 (full 2):
 PSYoungGen      total 19456K, used 473K [0x00000000d5580000, 0x00000000d6d00000, 0x0000000100000000)
  eden space 18944K, 0% used [0x00000000d5580000,0x00000000d5580000,0x00000000d6800000)
  from space 512K, 92% used [0x00000000d6c80000,0x00000000d6cf6660,0x00000000d6d00000)
  to   space 1024K, 0% used [0x00000000d6b00000,0x00000000d6b00000,0x00000000d6c00000)
 ParOldGen       total 68608K, used 42705K [0x0000000080000000, 0x0000000084300000, 0x00000000d5580000)
  object space 68608K, 62% used [0x0000000080000000,0x00000000829b4740,0x0000000084300000)
 Metaspace       used 58525K, committed 59776K, reserved 1114112K
  class space    used 6924K, committed 7488K, reserved 1048576K
}
Event: 13.391 GC heap before
{Heap before GC invocations=35 (full 3):
 PSYoungGen      total 19456K, used 473K [0x00000000d5580000, 0x00000000d6d00000, 0x0000000100000000)
  eden space 18944K, 0% used [0x00000000d5580000,0x00000000d5580000,0x00000000d6800000)
  from space 512K, 92% used [0x00000000d6c80000,0x00000000d6cf6660,0x00000000d6d00000)
  to   space 1024K, 0% used [0x00000000d6b00000,0x00000000d6b00000,0x00000000d6c00000)
 ParOldGen       total 68608K, used 42705K [0x0000000080000000, 0x0000000084300000, 0x00000000d5580000)
  object space 68608K, 62% used [0x0000000080000000,0x00000000829b4740,0x0000000084300000)
 Metaspace       used 58525K, committed 59776K, reserved 1114112K
  class space    used 6924K, committed 7488K, reserved 1048576K
}
Event: 13.433 GC heap after
{Heap after GC invocations=35 (full 3):
 PSYoungGen      total 19456K, used 0K [0x00000000d5580000, 0x00000000d6d00000, 0x0000000100000000)
  eden space 18944K, 0% used [0x00000000d5580000,0x00000000d5580000,0x00000000d6800000)
  from space 512K, 0% used [0x00000000d6c80000,0x00000000d6c80000,0x00000000d6d00000)
  to   space 1024K, 0% used [0x00000000d6b00000,0x00000000d6b00000,0x00000000d6c00000)
 ParOldGen       total 68608K, used 40568K [0x0000000080000000, 0x0000000084300000, 0x00000000d5580000)
  object space 68608K, 59% used [0x0000000080000000,0x000000008279e058,0x0000000084300000)
 Metaspace       used 58525K, committed 59776K, reserved 1114112K
  class space    used 6924K, committed 7488K, reserved 1048576K
}
Event: 14.582 GC heap before
{Heap before GC invocations=36 (full 3):
 PSYoungGen      total 19456K, used 18944K [0x00000000d5580000, 0x00000000d6d00000, 0x0000000100000000)
  eden space 18944K, 100% used [0x00000000d5580000,0x00000000d6800000,0x00000000d6800000)
  from space 512K, 0% used [0x00000000d6c80000,0x00000000d6c80000,0x00000000d6d00000)
  to   space 1024K, 0% used [0x00000000d6b00000,0x00000000d6b00000,0x00000000d6c00000)
 ParOldGen       total 68608K, used 40568K [0x0000000080000000, 0x0000000084300000, 0x00000000d5580000)
  object space 68608K, 59% used [0x0000000080000000,0x000000008279e058,0x0000000084300000)
 Metaspace       used 59654K, committed 60992K, reserved 1114112K
  class space    used 7017K, committed 7616K, reserved 1048576K
}
Event: 14.584 GC heap after
{Heap after GC invocations=36 (full 3):
 PSYoungGen      total 19968K, used 992K [0x00000000d5580000, 0x00000000d7200000, 0x0000000100000000)
  eden space 18944K, 0% used [0x00000000d5580000,0x00000000d5580000,0x00000000d6800000)
  from space 1024K, 96% used [0x00000000d6b00000,0x00000000d6bf8030,0x00000000d6c00000)
  to   space 5120K, 0% used [0x00000000d6d00000,0x00000000d6d00000,0x00000000d7200000)
 ParOldGen       total 68608K, used 43916K [0x0000000080000000, 0x0000000084300000, 0x00000000d5580000)
  object space 68608K, 64% used [0x0000000080000000,0x0000000082ae33d0,0x0000000084300000)
 Metaspace       used 59654K, committed 60992K, reserved 1114112K
  class space    used 7017K, committed 7616K, reserved 1048576K
}
Event: 14.646 GC heap before
{Heap before GC invocations=37 (full 3):
 PSYoungGen      total 19968K, used 19936K [0x00000000d5580000, 0x00000000d7200000, 0x0000000100000000)
  eden space 18944K, 100% used [0x00000000d5580000,0x00000000d6800000,0x00000000d6800000)
  from space 1024K, 96% used [0x00000000d6b00000,0x00000000d6bf8030,0x00000000d6c00000)
  to   space 5120K, 0% used [0x00000000d6d00000,0x00000000d6d00000,0x00000000d7200000)
 ParOldGen       total 68608K, used 43916K [0x0000000080000000, 0x0000000084300000, 0x00000000d5580000)
  object space 68608K, 64% used [0x0000000080000000,0x0000000082ae33d0,0x0000000084300000)
 Metaspace       used 59962K, committed 61312K, reserved 1114112K
  class space    used 7061K, committed 7680K, reserved 1048576K
}
Event: 14.648 GC heap after
{Heap after GC invocations=37 (full 3):
 PSYoungGen      total 21504K, used 2353K [0x00000000d5580000, 0x00000000d6f80000, 0x0000000100000000)
  eden space 18944K, 0% used [0x00000000d5580000,0x00000000d5580000,0x00000000d6800000)
  from space 2560K, 91% used [0x00000000d6d00000,0x00000000d6f4c420,0x00000000d6f80000)
  to   space 3072K, 0% used [0x00000000d6980000,0x00000000d6980000,0x00000000d6c80000)
 ParOldGen       total 68608K, used 44908K [0x0000000080000000, 0x0000000084300000, 0x00000000d5580000)
  object space 68608K, 65% used [0x0000000080000000,0x0000000082bdb3f0,0x0000000084300000)
 Metaspace       used 59962K, committed 61312K, reserved 1114112K
  class space    used 7061K, committed 7680K, reserved 1048576K
}
Event: 14.674 GC heap before
{Heap before GC invocations=38 (full 3):
 PSYoungGen      total 21504K, used 21297K [0x00000000d5580000, 0x00000000d6f80000, 0x0000000100000000)
  eden space 18944K, 100% used [0x00000000d5580000,0x00000000d6800000,0x00000000d6800000)
  from space 2560K, 91% used [0x00000000d6d00000,0x00000000d6f4c420,0x00000000d6f80000)
  to   space 3072K, 0% used [0x00000000d6980000,0x00000000d6980000,0x00000000d6c80000)
 ParOldGen       total 68608K, used 44908K [0x0000000080000000, 0x0000000084300000, 0x00000000d5580000)
  object space 68608K, 65% used [0x0000000080000000,0x0000000082bdb3f0,0x0000000084300000)
 Metaspace       used 60061K, committed 61376K, reserved 1114112K
  class space    used 7077K, committed 7680K, reserved 1048576K
}
Event: 14.677 GC heap after
{Heap after GC invocations=38 (full 3):
 PSYoungGen      total 21504K, used 2240K [0x00000000d5580000, 0x00000000d6d80000, 0x0000000100000000)
  eden space 18944K, 0% used [0x00000000d5580000,0x00000000d5580000,0x00000000d6800000)
  from space 2560K, 87% used [0x00000000d6980000,0x00000000d6bb0010,0x00000000d6c00000)
  to   space 1536K, 0% used [0x00000000d6c00000,0x00000000d6c00000,0x00000000d6d80000)
 ParOldGen       total 68608K, used 47001K [0x0000000080000000, 0x0000000084300000, 0x00000000d5580000)
  object space 68608K, 68% used [0x0000000080000000,0x0000000082de64d0,0x0000000084300000)
 Metaspace       used 60061K, committed 61376K, reserved 1114112K
  class space    used 7077K, committed 7680K, reserved 1048576K
}
Event: 14.717 GC heap before
{Heap before GC invocations=39 (full 3):
 PSYoungGen      total 21504K, used 21184K [0x00000000d5580000, 0x00000000d6d80000, 0x0000000100000000)
  eden space 18944K, 100% used [0x00000000d5580000,0x00000000d6800000,0x00000000d6800000)
  from space 2560K, 87% used [0x00000000d6980000,0x00000000d6bb0010,0x00000000d6c00000)
  to   space 1536K, 0% used [0x00000000d6c00000,0x00000000d6c00000,0x00000000d6d80000)
 ParOldGen       total 68608K, used 47001K [0x0000000080000000, 0x0000000084300000, 0x00000000d5580000)
  object space 68608K, 68% used [0x0000000080000000,0x0000000082de64d0,0x0000000084300000)
 Metaspace       used 60072K, committed 61440K, reserved 1114112K
  class space    used 7077K, committed 7680K, reserved 1048576K
}
Event: 14.720 GC heap after
{Heap after GC invocations=39 (full 3):
 PSYoungGen      total 19968K, used 1508K [0x00000000d5580000, 0x00000000d7100000, 0x0000000100000000)
  eden space 18432K, 0% used [0x00000000d5580000,0x00000000d5580000,0x00000000d6780000)
  from space 1536K, 98% used [0x00000000d6c00000,0x00000000d6d79000,0x00000000d6d80000)
  to   space 4608K, 0% used [0x00000000d6780000,0x00000000d6780000,0x00000000d6c00000)
 ParOldGen       total 68608K, used 49641K [0x0000000080000000, 0x0000000084300000, 0x00000000d5580000)
  object space 68608K, 72% used [0x0000000080000000,0x000000008307a4e0,0x0000000084300000)
 Metaspace       used 60072K, committed 61440K, reserved 1114112K
  class space    used 7077K, committed 7680K, reserved 1048576K
}
Event: 14.760 GC heap before
{Heap before GC invocations=40 (full 3):
 PSYoungGen      total 19968K, used 19940K [0x00000000d5580000, 0x00000000d7100000, 0x0000000100000000)
  eden space 18432K, 100% used [0x00000000d5580000,0x00000000d6780000,0x00000000d6780000)
  from space 1536K, 98% used [0x00000000d6c00000,0x00000000d6d79000,0x00000000d6d80000)
  to   space 4608K, 0% used [0x00000000d6780000,0x00000000d6780000,0x00000000d6c00000)
 ParOldGen       total 68608K, used 49641K [0x0000000080000000, 0x0000000084300000, 0x00000000d5580000)
  object space 68608K, 72% used [0x0000000080000000,0x000000008307a4e0,0x0000000084300000)
 Metaspace       used 60078K, committed 61440K, reserved 1114112K
  class space    used 7077K, committed 7680K, reserved 1048576K
}
Event: 14.764 GC heap after
{Heap after GC invocations=40 (full 3):
 PSYoungGen      total 20480K, used 1984K [0x00000000d5580000, 0x00000000d6d80000, 0x0000000100000000)
  eden space 18432K, 0% used [0x00000000d5580000,0x00000000d5580000,0x00000000d6780000)
  from space 2048K, 96% used [0x00000000d6780000,0x00000000d6970000,0x00000000d6980000)
  to   space 3072K, 0% used [0x00000000d6a80000,0x00000000d6a80000,0x00000000d6d80000)
 ParOldGen       total 68608K, used 51173K [0x0000000080000000, 0x0000000084300000, 0x00000000d5580000)
  object space 68608K, 74% used [0x0000000080000000,0x00000000831f94b8,0x0000000084300000)
 Metaspace       used 60078K, committed 61440K, reserved 1114112K
  class space    used 7077K, committed 7680K, reserved 1048576K
}
Event: 14.822 GC heap before
{Heap before GC invocations=41 (full 3):
 PSYoungGen      total 20480K, used 20416K [0x00000000d5580000, 0x00000000d6d80000, 0x0000000100000000)
  eden space 18432K, 100% used [0x00000000d5580000,0x00000000d6780000,0x00000000d6780000)
  from space 2048K, 96% used [0x00000000d6780000,0x00000000d6970000,0x00000000d6980000)
  to   space 3072K, 0% used [0x00000000d6a80000,0x00000000d6a80000,0x00000000d6d80000)
 ParOldGen       total 68608K, used 51173K [0x0000000080000000, 0x0000000084300000, 0x00000000d5580000)
  object space 68608K, 74% used [0x0000000080000000,0x00000000831f94b8,0x0000000084300000)
 Metaspace       used 60106K, committed 61440K, reserved 1114112K
  class space    used 7077K, committed 7680K, reserved 1048576K
}
Event: 14.825 GC heap after
{Heap after GC invocations=41 (full 3):
 PSYoungGen      total 20992K, used 2144K [0x00000000d5580000, 0x00000000d6d00000, 0x0000000100000000)
  eden space 18432K, 0% used [0x00000000d5580000,0x00000000d5580000,0x00000000d6780000)
  from space 2560K, 83% used [0x00000000d6a80000,0x00000000d6c98010,0x00000000d6d00000)
  to   space 2560K, 0% used [0x00000000d6800000,0x00000000d6800000,0x00000000d6a80000)
 ParOldGen       total 68608K, used 52997K [0x0000000080000000, 0x0000000084300000, 0x00000000d5580000)
  object space 68608K, 77% used [0x0000000080000000,0x00000000833c14b8,0x0000000084300000)
 Metaspace       used 60106K, committed 61440K, reserved 1114112K
  class space    used 7077K, committed 7680K, reserved 1048576K
}

Dll operation events (15 events):
Event: 0.010 Loaded shared library c:\Users\sangt\.vscode\extensions\redhat.java-1.47.0-win32-x64\jre\21.0.8-win32-x86_64\bin\java.dll
Event: 0.035 Loaded shared library c:\Users\sangt\.vscode\extensions\redhat.java-1.47.0-win32-x64\jre\21.0.8-win32-x86_64\bin\zip.dll
Event: 0.087 Loaded shared library C:\Users\sangt\.vscode\extensions\redhat.java-1.47.0-win32-x64\jre\21.0.8-win32-x86_64\bin\instrument.dll
Event: 0.093 Loaded shared library C:\Users\sangt\.vscode\extensions\redhat.java-1.47.0-win32-x64\jre\21.0.8-win32-x86_64\bin\net.dll
Event: 0.095 Loaded shared library C:\Users\sangt\.vscode\extensions\redhat.java-1.47.0-win32-x64\jre\21.0.8-win32-x86_64\bin\nio.dll
Event: 0.099 Loaded shared library C:\Users\sangt\.vscode\extensions\redhat.java-1.47.0-win32-x64\jre\21.0.8-win32-x86_64\bin\zip.dll
Event: 0.112 Loaded shared library C:\Users\sangt\.vscode\extensions\redhat.java-1.47.0-win32-x64\jre\21.0.8-win32-x86_64\bin\jimage.dll
Event: 0.180 Loaded shared library c:\Users\sangt\.vscode\extensions\redhat.java-1.47.0-win32-x64\jre\21.0.8-win32-x86_64\bin\verify.dll
Event: 1.435 Loaded shared library C:\Users\sangt\AppData\Roaming\Code\User\globalStorage\redhat.java\1.47.0\config_win\org.eclipse.equinox.launcher\org.eclipse.equinox.launcher.win32.win32.x86_64_1.2.1400.v20250801-0854\eclipse_11916.dll
Event: 2.851 Loaded shared library C:\Users\sangt\AppData\Local\Temp\jna-1996134450\jna10541624868811720081.dll
Event: 4.229 Loaded shared library C:\Users\sangt\.vscode\extensions\redhat.java-1.47.0-win32-x64\jre\21.0.8-win32-x86_64\bin\sunmscapi.dll
Event: 4.290 Loaded shared library C:\Users\sangt\.vscode\extensions\redhat.java-1.47.0-win32-x64\jre\21.0.8-win32-x86_64\bin\extnet.dll
Event: 9.381 Loaded shared library C:\Users\sangt\.gradle\native\1def1411415f61bf3af743bc5b6707747c0891f09f0c88961ee8f79bc544acac\windows-amd64\native-platform.dll
Event: 11.403 Loaded shared library C:\Users\sangt\.vscode\extensions\redhat.java-1.47.0-win32-x64\jre\21.0.8-win32-x86_64\bin\management.dll
Event: 11.407 Loaded shared library C:\Users\sangt\.vscode\extensions\redhat.java-1.47.0-win32-x64\jre\21.0.8-win32-x86_64\bin\management_ext.dll

Deoptimization events (20 events):
Event: 14.620 Thread 0x000001df60c65b10 DEOPT PACKING pc=0x000001df525d0c64 sp=0x000000ce6a4fdba0
Event: 14.620 Thread 0x000001df60c65b10 DEOPT UNPACKING pc=0x000001df51f76da2 sp=0x000000ce6a4fdb28 mode 2
Event: 14.624 Thread 0x000001df60c65b10 Uncommon trap: trap_request=0xffffff76 fr.pc=0x000001df525c528c relative=0x0000000000000b4c
Event: 14.624 Thread 0x000001df60c65b10 Uncommon trap: reason=predicate action=maybe_recompile pc=0x000001df525c528c method=java.util.TimSort.binarySort([Ljava/lang/Object;IIILjava/util/Comparator;)V @ 73 c2
Event: 14.624 Thread 0x000001df60c65b10 DEOPT PACKING pc=0x000001df525c528c sp=0x000000ce6a4fdd30
Event: 14.624 Thread 0x000001df60c65b10 DEOPT UNPACKING pc=0x000001df51f76da2 sp=0x000000ce6a4fdcf0 mode 2
Event: 14.708 Thread 0x000001df60c65b10 Uncommon trap: trap_request=0xffffff45 fr.pc=0x000001df525cebd8 relative=0x0000000000000498
Event: 14.708 Thread 0x000001df60c65b10 Uncommon trap: reason=unstable_if action=reinterpret pc=0x000001df525cebd8 method=java.util.ArrayList.equalsRange(Ljava/util/List;II)Z @ 41 c2
Event: 14.708 Thread 0x000001df60c65b10 DEOPT PACKING pc=0x000001df525cebd8 sp=0x000000ce6a4fdb70
Event: 14.708 Thread 0x000001df60c65b10 DEOPT UNPACKING pc=0x000001df51f76da2 sp=0x000000ce6a4fdb00 mode 2
Event: 14.803 Thread 0x000001df60c65b10 DEOPT PACKING pc=0x000001df4ade09ce sp=0x000000ce6a4fd8a0
Event: 14.803 Thread 0x000001df60c65b10 DEOPT UNPACKING pc=0x000001df51f778e2 sp=0x000000ce6a4fce20 mode 0
Event: 14.817 Thread 0x000001df60c65b10 Uncommon trap: trap_request=0xffffff45 fr.pc=0x000001df5292e2ac relative=0x000000000000226c
Event: 14.817 Thread 0x000001df60c65b10 Uncommon trap: reason=unstable_if action=reinterpret pc=0x000001df5292e2ac method=org.eclipse.jdt.internal.core.JarPackageFragmentRoot.initRawPackageInfo(Ljava/util/Map;Ljava/lang/String;Ljava/lang/String;ZLjava/lang/String;)V @ 151 c2
Event: 14.817 Thread 0x000001df60c65b10 DEOPT PACKING pc=0x000001df5292e2ac sp=0x000000ce6a4fd980
Event: 14.817 Thread 0x000001df60c65b10 DEOPT UNPACKING pc=0x000001df51f76da2 sp=0x000000ce6a4fd948 mode 2
Event: 14.837 Thread 0x000001df676c8cc0 Uncommon trap: trap_request=0xffffffc6 fr.pc=0x000001df528a7e04 relative=0x0000000000000584
Event: 14.837 Thread 0x000001df676c8cc0 Uncommon trap: reason=bimorphic_or_optimized_type_check action=maybe_recompile pc=0x000001df528a7e04 method=java.util.HashMap.removeNode(ILjava/lang/Object;Ljava/lang/Object;ZZ)Ljava/util/HashMap$Node; @ 283 c2
Event: 14.837 Thread 0x000001df676c8cc0 DEOPT PACKING pc=0x000001df528a7e04 sp=0x000000ce6b8ff040
Event: 14.837 Thread 0x000001df676c8cc0 DEOPT UNPACKING pc=0x000001df51f76da2 sp=0x000000ce6b8fef48 mode 2

Classes loaded (20 events):
Event: 13.497 Loading class jdk/internal/jimage/ImageReader$Directory
Event: 13.497 Loading class jdk/internal/jimage/ImageReader$Directory done
Event: 14.633 Loading class java/util/AbstractList$ListItr
Event: 14.633 Loading class java/util/AbstractList$ListItr done
Event: 14.641 Loading class java/nio/channels/Channels$ReadableByteChannelImpl
Event: 14.641 Loading class java/nio/channels/Channels$ReadableByteChannelImpl done
Event: 14.641 Loading class java/nio/channels/NonWritableChannelException
Event: 14.641 Loading class java/nio/channels/NonWritableChannelException done
Event: 14.837 Loading class sun/security/ssl/Alert
Event: 14.838 Loading class sun/security/ssl/Alert done
Event: 14.838 Loading class sun/security/ssl/Alert$AlertConsumer
Event: 14.838 Loading class sun/security/ssl/Alert$AlertConsumer done
Event: 14.838 Loading class sun/security/ssl/Alert$Level
Event: 14.838 Loading class sun/security/ssl/Alert$Level done
Event: 14.871 Loading class java/util/stream/DistinctOps
Event: 14.871 Loading class java/util/stream/DistinctOps done
Event: 14.871 Loading class java/util/stream/DistinctOps$1
Event: 14.871 Loading class java/util/stream/DistinctOps$1 done
Event: 14.873 Loading class java/util/stream/DistinctOps$1$2
Event: 14.873 Loading class java/util/stream/DistinctOps$1$2 done

Classes unloaded (7 events):
Event: 3.314 Thread 0x000001df478a79a0 Unloading class 0x000001df011b1000 'java/lang/invoke/LambdaForm$MH+0x000001df011b1000'
Event: 3.314 Thread 0x000001df478a79a0 Unloading class 0x000001df011b0c00 'java/lang/invoke/LambdaForm$MH+0x000001df011b0c00'
Event: 3.314 Thread 0x000001df478a79a0 Unloading class 0x000001df011b0800 'java/lang/invoke/LambdaForm$MH+0x000001df011b0800'
Event: 3.314 Thread 0x000001df478a79a0 Unloading class 0x000001df011b0400 'java/lang/invoke/LambdaForm$MH+0x000001df011b0400'
Event: 3.314 Thread 0x000001df478a79a0 Unloading class 0x000001df011b0000 'java/lang/invoke/LambdaForm$BMH+0x000001df011b0000'
Event: 3.314 Thread 0x000001df478a79a0 Unloading class 0x000001df011afc00 'java/lang/invoke/LambdaForm$DMH+0x000001df011afc00'
Event: 3.314 Thread 0x000001df478a79a0 Unloading class 0x000001df011aec00 'java/lang/invoke/LambdaForm$DMH+0x000001df011aec00'

Classes redefined (0 events):
No events

Internal exceptions (20 events):
Event: 12.159 Thread 0x000001df676c7280 Exception <a 'sun/nio/fs/WindowsException'{0x00000000d6437810}> (0x00000000d6437810) 
thrown [s\src\hotspot\share\prims\jni.cpp, line 520]
Event: 12.160 Thread 0x000001df676c7280 Exception <a 'sun/nio/fs/WindowsException'{0x00000000d6438be0}> (0x00000000d6438be0) 
thrown [s\src\hotspot\share\prims\jni.cpp, line 520]
Event: 12.160 Thread 0x000001df676c7280 Exception <a 'sun/nio/fs/WindowsException'{0x00000000d6439540}> (0x00000000d6439540) 
thrown [s\src\hotspot\share\prims\jni.cpp, line 520]
Event: 12.160 Thread 0x000001df676c7280 Exception <a 'sun/nio/fs/WindowsException'{0x00000000d643b040}> (0x00000000d643b040) 
thrown [s\src\hotspot\share\prims\jni.cpp, line 520]
Event: 12.160 Thread 0x000001df676c7280 Exception <a 'sun/nio/fs/WindowsException'{0x00000000d643b758}> (0x00000000d643b758) 
thrown [s\src\hotspot\share\prims\jni.cpp, line 520]
Event: 13.380 Thread 0x000001df676c7280 Exception <a 'java/lang/IncompatibleClassChangeError'{0x00000000d668e0f0}: Found class java.lang.Object, but interface was expected> (0x00000000d668e0f0) 
thrown [s\src\hotspot\share\interpreter\linkResolver.cpp, line 840]
Event: 13.445 Thread 0x000001df60c65b10 Exception <a 'java/io/FileNotFoundException'{0x00000000d58ca038}> (0x00000000d58ca038) 
thrown [s\src\hotspot\share\prims\jni.cpp, line 520]
Event: 13.445 Thread 0x000001df60c65b10 Exception <a 'java/io/FileNotFoundException'{0x00000000d58cb038}> (0x00000000d58cb038) 
thrown [s\src\hotspot\share\prims\jni.cpp, line 520]
Event: 13.446 Thread 0x000001df60c65b10 Exception <a 'java/io/FileNotFoundException'{0x00000000d58cbd90}> (0x00000000d58cbd90) 
thrown [s\src\hotspot\share\prims\jni.cpp, line 520]
Event: 13.462 Thread 0x000001df60c65b10 Exception <a 'sun/nio/fs/WindowsException'{0x00000000d59ff4f8}> (0x00000000d59ff4f8) 
thrown [s\src\hotspot\share\prims\jni.cpp, line 520]
Event: 13.462 Thread 0x000001df60c65b10 Exception <a 'sun/nio/fs/WindowsException'{0x00000000d59ffc10}> (0x00000000d59ffc10) 
thrown [s\src\hotspot\share\prims\jni.cpp, line 520]
Event: 13.463 Thread 0x000001df60c65b10 Exception <a 'sun/nio/fs/WindowsException'{0x00000000d5a00950}> (0x00000000d5a00950) 
thrown [s\src\hotspot\share\prims\jni.cpp, line 520]
Event: 13.463 Thread 0x000001df60c65b10 Exception <a 'sun/nio/fs/WindowsException'{0x00000000d5a01068}> (0x00000000d5a01068) 
thrown [s\src\hotspot\share\prims\jni.cpp, line 520]
Event: 13.488 Thread 0x000001df60c65b10 Implicit null exception at 0x000001df5272bef7 to 0x000001df5272c168
Event: 13.489 Thread 0x000001df60c65b10 Exception <a 'java/lang/NoSuchMethodError'{0x00000000d5bf3b58}: 'java.lang.Object java.lang.invoke.DelegatingMethodHandle$Holder.reinvoke_L(java.lang.Object, int, long, java.lang.Object, java.lang.Object, int, java.lang.Object)'> (0x00000000d5bf3b58) 
thrown [s\src\hotspot\share\interpreter\linkResolver.cpp, line 773]
Event: 13.549 Thread 0x000001df60c65b10 Exception <a 'java/lang/NoSuchMethodError'{0x00000000d61686e8}: 'java.lang.Object java.lang.invoke.Invokers$Holder.invoke_MT(java.lang.Object, java.lang.Object, java.lang.Object, java.lang.Object, java.lang.Object, java.lang.Object, java.lang.Object, java.lang.Object, java.lang.Object, java.lang.Object)'> (0x00000000d61686e8) 
thrown [s\src\hotspot\share\interpreter\linkResolver.cpp, line 773]
Event: 14.857 Thread 0x000001df60c65b10 Exception <a 'java/io/FileNotFoundException'{0x00000000d64d4b68}> (0x00000000d64d4b68) 
thrown [s\src\hotspot\share\prims\jni.cpp, line 520]
Event: 14.857 Thread 0x000001df60c65b10 Exception <a 'java/io/FileNotFoundException'{0x00000000d64d58e8}> (0x00000000d64d58e8) 
thrown [s\src\hotspot\share\prims\jni.cpp, line 520]
Event: 14.867 Thread 0x000001df60c65b10 Exception <a 'sun/nio/fs/WindowsException'{0x00000000d65409b8}> (0x00000000d65409b8) 
thrown [s\src\hotspot\share\prims\jni.cpp, line 520]
Event: 14.867 Thread 0x000001df60c65b10 Exception <a 'sun/nio/fs/WindowsException'{0x00000000d65410d0}> (0x00000000d65410d0) 
thrown [s\src\hotspot\share\prims\jni.cpp, line 520]

ZGC Phase Switch (0 events):
No events

VM Operations (20 events):
Event: 13.517 Executing VM operation: HandshakeAllThreads (Deoptimize) done
Event: 14.518 Executing VM operation: Cleanup
Event: 14.518 Executing VM operation: Cleanup done
Event: 14.582 Executing VM operation: ParallelGCFailedAllocation (Allocation Failure)
Event: 14.584 Executing VM operation: ParallelGCFailedAllocation (Allocation Failure) done
Event: 14.634 Executing VM operation: HandshakeAllThreads (Deoptimize)
Event: 14.634 Executing VM operation: HandshakeAllThreads (Deoptimize) done
Event: 14.646 Executing VM operation: ParallelGCFailedAllocation (Allocation Failure)
Event: 14.648 Executing VM operation: ParallelGCFailedAllocation (Allocation Failure) done
Event: 14.674 Executing VM operation: ParallelGCFailedAllocation (Allocation Failure)
Event: 14.677 Executing VM operation: ParallelGCFailedAllocation (Allocation Failure) done
Event: 14.717 Executing VM operation: ParallelGCFailedAllocation (Allocation Failure)
Event: 14.720 Executing VM operation: ParallelGCFailedAllocation (Allocation Failure) done
Event: 14.760 Executing VM operation: ParallelGCFailedAllocation (Allocation Failure)
Event: 14.764 Executing VM operation: ParallelGCFailedAllocation (Allocation Failure) done
Event: 14.822 Executing VM operation: ParallelGCFailedAllocation (Allocation Failure)
Event: 14.825 Executing VM operation: ParallelGCFailedAllocation (Allocation Failure) done
Event: 14.872 Executing VM operation: HandshakeAllThreads (Deoptimize)
Event: 14.873 Executing VM operation: HandshakeAllThreads (Deoptimize) done
Event: 15.873 Executing VM operation: Cleanup

Memory protections (0 events):
No events

Nmethod flushes (20 events):
Event: 13.409 Thread 0x000001df478a79a0 flushing  nmethod 0x000001df4b168c10
Event: 13.409 Thread 0x000001df478a79a0 flushing  nmethod 0x000001df4b18bb10
Event: 13.409 Thread 0x000001df478a79a0 flushing  nmethod 0x000001df4b1e4710
Event: 13.409 Thread 0x000001df478a79a0 flushing  nmethod 0x000001df4b1ec190
Event: 13.409 Thread 0x000001df478a79a0 flushing  nmethod 0x000001df4b1ecb10
Event: 13.409 Thread 0x000001df478a79a0 flushing  nmethod 0x000001df4b1ede10
Event: 13.409 Thread 0x000001df478a79a0 flushing  nmethod 0x000001df4b207310
Event: 13.409 Thread 0x000001df478a79a0 flushing  nmethod 0x000001df4b208b90
Event: 13.409 Thread 0x000001df478a79a0 flushing  nmethod 0x000001df4b209510
Event: 13.409 Thread 0x000001df478a79a0 flushing  nmethod 0x000001df4b209c10
Event: 13.409 Thread 0x000001df478a79a0 flushing  nmethod 0x000001df4b20dd90
Event: 13.409 Thread 0x000001df478a79a0 flushing  nmethod 0x000001df4b20fb90
Event: 13.409 Thread 0x000001df478a79a0 flushing  nmethod 0x000001df4b230790
Event: 13.409 Thread 0x000001df478a79a0 flushing  nmethod 0x000001df4b245190
Event: 13.409 Thread 0x000001df478a79a0 flushing  nmethod 0x000001df4b260b10
Event: 13.409 Thread 0x000001df478a79a0 flushing  nmethod 0x000001df4b2a0d10
Event: 13.409 Thread 0x000001df478a79a0 flushing  nmethod 0x000001df4b2a2510
Event: 13.409 Thread 0x000001df478a79a0 flushing  nmethod 0x000001df4b2ad290
Event: 13.409 Thread 0x000001df478a79a0 flushing  nmethod 0x000001df4b2b9a10
Event: 13.409 Thread 0x000001df478a79a0 flushing  nmethod 0x000001df4b2c9a10

Events (20 events):
Event: 4.833 Thread 0x000001df60c64df0 Thread added: 0x000001df676c8cc0
Event: 5.575 Thread 0x000001df60c61970 Thread added: 0x000001df676c7910
Event: 5.575 Thread 0x000001df676c7910 Thread added: 0x000001df676c7fa0
Event: 5.576 Thread 0x000001df676c7fa0 Thread added: 0x000001df676c99e0
Event: 7.268 Thread 0x000001df657b29c0 Thread exited: 0x000001df657b29c0
Event: 7.268 Thread 0x000001df5f6f8af0 Thread exited: 0x000001df5f6f8af0
Event: 8.242 Thread 0x000001df477a9b60 Thread added: 0x000001df67000af0
Event: 8.242 Thread 0x000001df477a9b60 Thread added: 0x000001df692a00f0
Event: 8.905 Thread 0x000001df60c64df0 Thread added: 0x000001df676ca070
Event: 8.975 Thread 0x000001df60c64df0 Thread added: 0x000001df67d1ae40
Event: 10.151 Thread 0x000001df692a00f0 Thread exited: 0x000001df692a00f0
Event: 11.209 Thread 0x000001df67000af0 Thread exited: 0x000001df67000af0
Event: 11.514 Thread 0x000001df67d1ae40 Thread exited: 0x000001df67d1ae40
Event: 11.551 Thread 0x000001df477a9b60 Thread added: 0x000001df692a00f0
Event: 11.557 Thread 0x000001df477a9b60 Thread added: 0x000001df66d96d90
Event: 11.852 Thread 0x000001df66d96d90 Thread exited: 0x000001df66d96d90
Event: 11.873 Thread 0x000001df692a00f0 Thread exited: 0x000001df692a00f0
Event: 13.386 Thread 0x000001df676c99e0 Thread added: 0x000001df67d1c1f0
Event: 13.505 Thread 0x000001df477a9b60 Thread added: 0x000001df5f8dd910
Event: 13.513 Thread 0x000001df477a9b60 Thread added: 0x000001df6587acb0


Dynamic libraries:
0x00007ff6cb9c0000 - 0x00007ff6cb9ce000 	c:\Users\sangt\.vscode\extensions\redhat.java-1.47.0-win32-x64\jre\21.0.8-win32-x86_64\bin\java.exe
0x00007ff867380000 - 0x00007ff8675e8000 	C:\WINDOWS\SYSTEM32\ntdll.dll
0x00007ff8664e0000 - 0x00007ff8665a9000 	C:\WINDOWS\System32\KERNEL32.DLL
0x00007ff864790000 - 0x00007ff864b82000 	C:\WINDOWS\System32\KERNELBASE.dll
0x00007ff860fa0000 - 0x00007ff86103f000 	C:\WINDOWS\SYSTEM32\apphelp.dll
0x00007ff864640000 - 0x00007ff86478b000 	C:\WINDOWS\System32\ucrtbase.dll
0x00007ff83f4c0000 - 0x00007ff83f4d8000 	c:\Users\sangt\.vscode\extensions\redhat.java-1.47.0-win32-x64\jre\21.0.8-win32-x86_64\bin\jli.dll
0x00007ff83a0b0000 - 0x00007ff83a0ce000 	c:\Users\sangt\.vscode\extensions\redhat.java-1.47.0-win32-x64\jre\21.0.8-win32-x86_64\bin\VCRUNTIME140.dll
0x00007ff8665b0000 - 0x00007ff866775000 	C:\WINDOWS\System32\USER32.dll
0x00007ff83f1d0000 - 0x00007ff83f463000 	C:\WINDOWS\WinSxS\amd64_microsoft.windows.common-controls_6595b64144ccf1df_6.0.26100.6725_none_3e085828e334708b\COMCTL32.dll
0x00007ff864f00000 - 0x00007ff864f27000 	C:\WINDOWS\System32\win32u.dll
0x00007ff8652f0000 - 0x00007ff865399000 	C:\WINDOWS\System32\msvcrt.dll
0x00007ff866430000 - 0x00007ff86645b000 	C:\WINDOWS\System32\GDI32.dll
0x00007ff864510000 - 0x00007ff86463d000 	C:\WINDOWS\System32\gdi32full.dll
0x00007ff864f30000 - 0x00007ff864fd3000 	C:\WINDOWS\System32\msvcp_win.dll
0x00007ff866910000 - 0x00007ff86693f000 	C:\WINDOWS\System32\IMM32.DLL
0x00007ff840f20000 - 0x00007ff840f2c000 	c:\Users\sangt\.vscode\extensions\redhat.java-1.47.0-win32-x64\jre\21.0.8-win32-x86_64\bin\vcruntime140_1.dll
0x00007ff8196b0000 - 0x00007ff81973d000 	c:\Users\sangt\.vscode\extensions\redhat.java-1.47.0-win32-x64\jre\21.0.8-win32-x86_64\bin\msvcp140.dll
0x00007fff9f860000 - 0x00007fffa05f7000 	c:\Users\sangt\.vscode\extensions\redhat.java-1.47.0-win32-x64\jre\21.0.8-win32-x86_64\bin\server\jvm.dll
0x00007ff866780000 - 0x00007ff866834000 	C:\WINDOWS\System32\ADVAPI32.dll
0x00007ff867290000 - 0x00007ff867336000 	C:\WINDOWS\System32\sechost.dll
0x00007ff867170000 - 0x00007ff867288000 	C:\WINDOWS\System32\RPCRT4.dll
0x00007ff865f20000 - 0x00007ff865f94000 	C:\WINDOWS\System32\WS2_32.dll
0x00007ff863e10000 - 0x00007ff863e6e000 	C:\WINDOWS\SYSTEM32\POWRPROF.dll
0x00007ff858b90000 - 0x00007ff858b9b000 	C:\WINDOWS\SYSTEM32\VERSION.dll
0x00007ff8564b0000 - 0x00007ff8564e5000 	C:\WINDOWS\SYSTEM32\WINMM.dll
0x00007ff863df0000 - 0x00007ff863e04000 	C:\WINDOWS\SYSTEM32\UMPDC.dll
0x00007ff863280000 - 0x00007ff86329b000 	C:\WINDOWS\SYSTEM32\kernel.appcore.dll
0x00007ff840d10000 - 0x00007ff840d1a000 	c:\Users\sangt\.vscode\extensions\redhat.java-1.47.0-win32-x64\jre\21.0.8-win32-x86_64\bin\jimage.dll
0x00007ff861c60000 - 0x00007ff861ea2000 	C:\WINDOWS\SYSTEM32\DBGHELP.DLL
0x00007ff866c60000 - 0x00007ff866fdb000 	C:\WINDOWS\System32\combase.dll
0x00007ff865410000 - 0x00007ff8654e7000 	C:\WINDOWS\System32\OLEAUT32.dll
0x00007ff83d370000 - 0x00007ff83d3ac000 	C:\WINDOWS\SYSTEM32\dbgcore.DLL
0x00007ff864da0000 - 0x00007ff864e38000 	C:\WINDOWS\System32\bcryptPrimitives.dll
0x00007ff8452c0000 - 0x00007ff8452cf000 	c:\Users\sangt\.vscode\extensions\redhat.java-1.47.0-win32-x64\jre\21.0.8-win32-x86_64\bin\instrument.dll
0x00007ff834e10000 - 0x00007ff834e2f000 	c:\Users\sangt\.vscode\extensions\redhat.java-1.47.0-win32-x64\jre\21.0.8-win32-x86_64\bin\java.dll
0x00007ff8657d0000 - 0x00007ff865f1c000 	C:\WINDOWS\System32\SHELL32.dll
0x00007ff864fe0000 - 0x00007ff86514b000 	C:\WINDOWS\System32\wintypes.dll
0x00007ff862150000 - 0x00007ff8629ad000 	C:\WINDOWS\SYSTEM32\windows.storage.dll
0x00007ff867070000 - 0x00007ff867162000 	C:\WINDOWS\System32\SHCORE.dll
0x00007ff866460000 - 0x00007ff8664c2000 	C:\WINDOWS\System32\shlwapi.dll
0x00007ff864430000 - 0x00007ff864459000 	C:\WINDOWS\SYSTEM32\profapi.dll
0x00007ff835690000 - 0x00007ff8356a8000 	c:\Users\sangt\.vscode\extensions\redhat.java-1.47.0-win32-x64\jre\21.0.8-win32-x86_64\bin\zip.dll
0x00007ff83f470000 - 0x00007ff83f480000 	C:\Users\sangt\.vscode\extensions\redhat.java-1.47.0-win32-x64\jre\21.0.8-win32-x86_64\bin\net.dll
0x00007ff85cae0000 - 0x00007ff85cbff000 	C:\WINDOWS\SYSTEM32\WINHTTP.dll
0x00007ff863850000 - 0x00007ff8638bb000 	C:\WINDOWS\system32\mswsock.dll
0x00007ff834ee0000 - 0x00007ff834ef6000 	C:\Users\sangt\.vscode\extensions\redhat.java-1.47.0-win32-x64\jre\21.0.8-win32-x86_64\bin\nio.dll
0x00007ff840ee0000 - 0x00007ff840ef0000 	c:\Users\sangt\.vscode\extensions\redhat.java-1.47.0-win32-x64\jre\21.0.8-win32-x86_64\bin\verify.dll
0x00007ff818c60000 - 0x00007ff818ca4000 	C:\Users\sangt\AppData\Roaming\Code\User\globalStorage\redhat.java\1.47.0\config_win\org.eclipse.equinox.launcher\org.eclipse.equinox.launcher.win32.win32.x86_64_1.2.1400.v20250801-0854\eclipse_11916.dll
0x00007ff865150000 - 0x00007ff8652e8000 	C:\WINDOWS\System32\ole32.dll
0x00007ff863b00000 - 0x00007ff863b1b000 	C:\WINDOWS\SYSTEM32\CRYPTSP.dll
0x00007ff863240000 - 0x00007ff86327b000 	C:\WINDOWS\system32\rsaenh.dll
0x00007ff8638f0000 - 0x00007ff86391b000 	C:\WINDOWS\SYSTEM32\USERENV.dll
0x00007ff864400000 - 0x00007ff864426000 	C:\WINDOWS\SYSTEM32\bcrypt.dll
0x00007ff863b20000 - 0x00007ff863b2c000 	C:\WINDOWS\SYSTEM32\CRYPTBASE.dll
0x00007ff862cb0000 - 0x00007ff862ce4000 	C:\WINDOWS\SYSTEM32\IPHLPAPI.DLL
0x00007ff865400000 - 0x00007ff86540a000 	C:\WINDOWS\System32\NSI.dll
0x00007ff819100000 - 0x00007ff819149000 	C:\Users\sangt\AppData\Local\Temp\jna-1996134450\jna10541624868811720081.dll
0x00007ff8664d0000 - 0x00007ff8664d8000 	C:\WINDOWS\System32\PSAPI.DLL
0x00007ff85c730000 - 0x00007ff85c74e000 	C:\WINDOWS\SYSTEM32\dhcpcsvc6.DLL
0x00007ff85c6c0000 - 0x00007ff85c6e3000 	C:\WINDOWS\SYSTEM32\dhcpcsvc.DLL
0x00007ff834ec0000 - 0x00007ff834ece000 	C:\Users\sangt\.vscode\extensions\redhat.java-1.47.0-win32-x64\jre\21.0.8-win32-x86_64\bin\sunmscapi.dll
0x00007ff864b90000 - 0x00007ff864d07000 	C:\WINDOWS\System32\CRYPT32.dll
0x00007ff863db0000 - 0x00007ff863de0000 	C:\WINDOWS\SYSTEM32\ncrypt.dll
0x00007ff863d60000 - 0x00007ff863d9f000 	C:\WINDOWS\SYSTEM32\NTASN1.dll
0x00007ff862da0000 - 0x00007ff862ec6000 	C:\WINDOWS\SYSTEM32\DNSAPI.dll
0x00007ff85d450000 - 0x00007ff85d45b000 	C:\Windows\System32\rasadhlp.dll
0x00007ff85be80000 - 0x00007ff85bf06000 	C:\WINDOWS\System32\fwpuclnt.dll
0x00007ff834e00000 - 0x00007ff834e09000 	C:\Users\sangt\.vscode\extensions\redhat.java-1.47.0-win32-x64\jre\21.0.8-win32-x86_64\bin\extnet.dll
0x00007ff834d90000 - 0x00007ff834db7000 	C:\Users\sangt\.gradle\native\1def1411415f61bf3af743bc5b6707747c0891f09f0c88961ee8f79bc544acac\windows-amd64\native-platform.dll
0x00007ff834f40000 - 0x00007ff834f4a000 	C:\Users\sangt\.vscode\extensions\redhat.java-1.47.0-win32-x64\jre\21.0.8-win32-x86_64\bin\management.dll
0x00007ff834ed0000 - 0x00007ff834edb000 	C:\Users\sangt\.vscode\extensions\redhat.java-1.47.0-win32-x64\jre\21.0.8-win32-x86_64\bin\management_ext.dll

JVMTI agents:
c:\Users\sangt\.vscode\extensions\redhat.java-1.47.0-win32-x64\lombok\lombok-1.18.39-4050.jar path:c:\Users\sangt\.vscode\extensions\redhat.java-1.47.0-win32-x64\jre\21.0.8-win32-x86_64\bin\instrument.dll, loaded, initialized, instrumentlib options:none

dbghelp: loaded successfully - version: 4.0.5 - missing functions: none
symbol engine: initialized successfully - sym options: 0x614 - pdb path: .;c:\Users\sangt\.vscode\extensions\redhat.java-1.47.0-win32-x64\jre\21.0.8-win32-x86_64\bin;C:\WINDOWS\SYSTEM32;C:\WINDOWS\WinSxS\amd64_microsoft.windows.common-controls_6595b64144ccf1df_6.0.26100.6725_none_3e085828e334708b;c:\Users\sangt\.vscode\extensions\redhat.java-1.47.0-win32-x64\jre\21.0.8-win32-x86_64\bin\server;C:\Users\sangt\AppData\Roaming\Code\User\globalStorage\redhat.java\1.47.0\config_win\org.eclipse.equinox.launcher\org.eclipse.equinox.launcher.win32.win32.x86_64_1.2.1400.v20250801-0854;C:\Users\sangt\AppData\Local\Temp\jna-1996134450;C:\Users\sangt\.gradle\native\1def1411415f61bf3af743bc5b6707747c0891f09f0c88961ee8f79bc544acac\windows-amd64

VM Arguments:
jvm_args: --add-modules=ALL-SYSTEM --add-opens=java.base/java.util=ALL-UNNAMED --add-opens=java.base/java.lang=ALL-UNNAMED --add-opens=java.base/sun.nio.fs=ALL-UNNAMED -Declipse.application=org.eclipse.jdt.ls.core.id1 -Dosgi.bundles.defaultStartLevel=4 -Declipse.product=org.eclipse.jdt.ls.core.product -Djava.import.generatesMetadataFilesAtProjectRoot=false -DDetectVMInstallationsJob.disabled=true -Dfile.encoding=utf8 -XX:+UseParallelGC -XX:GCTimeRatio=4 -XX:AdaptiveSizePolicyWeight=90 -Dsun.zip.disableMemoryMapping=true -Xmx2G -Xms100m -Xlog:disable -javaagent:c:\Users\sangt\.vscode\extensions\redhat.java-1.47.0-win32-x64\lombok\lombok-1.18.39-4050.jar -XX:+HeapDumpOnOutOfMemoryError -XX:HeapDumpPath=c:\Users\sangt\AppData\Roaming\Code\User\workspaceStorage\5f22a2f0accf916092cfcaf2fe6e7c8b\redhat.java -Daether.dependencyCollector.impl=bf 
java_command: c:\Users\sangt\.vscode\extensions\redhat.java-1.47.0-win32-x64\server\plugins\org.eclipse.equinox.launcher_1.7.100.v20251014-1222.jar -configuration c:\Users\sangt\AppData\Roaming\Code\User\globalStorage\redhat.java\1.47.0\config_win -data c:\Users\sangt\AppData\Roaming\Code\User\workspaceStorage\5f22a2f0accf916092cfcaf2fe6e7c8b\redhat.java\jdt_ws --pipe=\\.\pipe\lsp-6a4ee04b8c9e97759d15e86dcbdb34d3-sock
java_class_path (initial): c:\Users\sangt\.vscode\extensions\redhat.java-1.47.0-win32-x64\server\plugins\org.eclipse.equinox.launcher_1.7.100.v20251014-1222.jar
Launcher Type: SUN_STANDARD

[Global flags]
    uintx AdaptiveSizePolicyWeight                 = 90                                        {product} {command line}
     intx CICompilerCount                          = 4                                         {product} {ergonomic}
    uintx GCTimeRatio                              = 4                                         {product} {command line}
     bool HeapDumpOnOutOfMemoryError               = true                                   {manageable} {command line}
    ccstr HeapDumpPath                             = c:\Users\sangt\AppData\Roaming\Code\User\workspaceStorage\5f22a2f0accf916092cfcaf2fe6e7c8b\redhat.java         {manageable} {command line}
   size_t InitialHeapSize                          = 104857600                                 {product} {command line}
   size_t MaxHeapSize                              = 2147483648                                {product} {command line}
   size_t MaxNewSize                               = 715653120                                 {product} {ergonomic}
   size_t MinHeapDeltaBytes                        = 524288                                    {product} {ergonomic}
   size_t MinHeapSize                              = 104857600                                 {product} {command line}
   size_t NewSize                                  = 34603008                                  {product} {ergonomic}
    uintx NonNMethodCodeHeapSize                   = 5839372                                {pd product} {ergonomic}
    uintx NonProfiledCodeHeapSize                  = 122909434                              {pd product} {ergonomic}
   size_t OldSize                                  = 70254592                                  {product} {ergonomic}
    uintx ProfiledCodeHeapSize                     = 122909434                              {pd product} {ergonomic}
    uintx ReservedCodeCacheSize                    = 251658240                              {pd product} {ergonomic}
     bool SegmentedCodeCache                       = true                                      {product} {ergonomic}
   size_t SoftMaxHeapSize                          = 2147483648                             {manageable} {ergonomic}
     bool UseCompressedOops                        = true                           {product lp64_product} {ergonomic}
     bool UseLargePagesIndividualAllocation        = false                                  {pd product} {ergonomic}
     bool UseParallelGC                            = true                                      {product} {command line}

Logging:
Log output configuration:
 #0: stdout all=off uptime,level,tags foldmultilines=false
 #1: stderr all=off uptime,level,tags foldmultilines=false

Environment Variables:
PATH=C:\Program Files\Eclipse Adoptium\jdk-17.0.15.6-hotspot\bin;C:\Python313\Scripts\;C:\Python313\;C:\Program Files\Common Files\Oracle\Java\javapath;C:\windows\system32;C:\windows;C:\windows\System32\Wbem;C:\windows\System32\WindowsPowerShell\v1.0\;C:\windows\System32\OpenSSH\;C:\Program Files (x86)\NVIDIA Corporation\PhysX\Common;C:\Program Files\NVIDIA Corporation\NVIDIA NvDLISR;C:\WINDOWS\system32;C:\WINDOWS;C:\WINDOWS\System32\Wbem;C:\WINDOWS\System32\WindowsPowerShell\v1.0\;C:\WINDOWS\System32\OpenSSH\;C:\Program Files\HP\HP One Agent;C:\WINDOWS\system32;C:\WINDOWS;C:\WINDOWS\System32\Wbem;C:\WINDOWS\System32\WindowsPowerShell\v1.0\;C:\WINDOWS\System32\OpenSSH\;C:\Program Files\nodejs\;C:\ProgramData\chocolatey\bin;C:\Program Files\MySQL\MySQL Server 9.2\bin;C:\Users\sangt\AppData\Local\Microsoft\WindowsApps;C:\Users\sangt\AppData\Roaming\npm;C:\Users\sangt\Downloads\flutter_windows_3.29.3-stable\flutter\bin;C:\Program Files\dotnet\;C:\Users\sangt\AppData\Local\Android\Sdk\platform-tools;C:\Program Files\Git\cmd;C:\Users\sangt\AppData\Local\Android\Sdk\flutter\bin;D:\;C:\Program Files\Docker\Docker\resources\bin;C:\Users\sangt\AppData\Local\Microsoft\WindowsApps;C:\Users\sangt\AppData\Roaming\npm;E:\Microsoft VS Code\bin;C:\tools\dart-sdk\bin;C:\Users\sangt\AppData\Local\Pub\Cache\bin;C:\Users\sangt\.dotnet\tools;C:\Users\sangt\AppData\Local\Android\Sdk\flutter\bin;C:\Users\sangt\AppData\Local\Android\Sdk\platform-tools;C:\Users\sangt\AppData\Local\Android\Sdk\emulator;C:\Users\sangt\AppData\Local\Android\Sdk\tools;C:\Users\sangt\AppData\Local\Android\Sdk\tools\bin;;C:\Program Files\JetBrains\WebStorm 2025.1.1\bin;
USERNAME=sangtran
OS=Windows_NT
PROCESSOR_IDENTIFIER=Intel64 Family 6 Model 141 Stepping 1, GenuineIntel
TMP=C:\Users\sangt\AppData\Local\Temp
TEMP=C:\Users\sangt\AppData\Local\Temp




Periodic native trim disabled

---------------  S Y S T E M  ---------------

OS:
 Windows 11 , 64 bit Build 26100 (10.0.26100.6725)
OS uptime: 0 days 2:47 hours
Hyper-V role detected

CPU: total 12 (initial active 12) (6 cores per cpu, 2 threads per core) family 6 model 141 stepping 1 microcode 0x4e, cx8, cmov, fxsr, ht, mmx, 3dnowpref, sse, sse2, sse3, ssse3, sse4.1, sse4.2, popcnt, lzcnt, tsc, tscinvbit, avx, avx2, aes, erms, clmul, bmi1, bmi2, adx, avx512f, avx512dq, avx512cd, avx512bw, avx512vl, sha, fma, vzeroupper, avx512_vpopcntdq, avx512_vpclmulqdq, avx512_vaes, avx512_vnni, clflush, clflushopt, clwb, avx512_vbmi2, avx512_vbmi, hv, rdtscp, rdpid, fsrm, gfni, avx512_bitalg, f16c, cet_ibt, cet_ss, avx512_ifma
Processor Information for the first 12 processors :
  Max Mhz: 2688, Current Mhz: 2688, Mhz Limit: 2688

Memory: 4k page, system-wide physical 20117M (4458M free)
TotalPageFile size 28309M (AvailPageFile size 304M)
current process WorkingSet (physical memory assigned to process): 275M, peak: 280M
current process commit charge ("private bytes"): 366M, peak: 374M

vm_info: OpenJDK 64-Bit Server VM (21.0.8+9-LTS) for windows-amd64 JRE (21.0.8+9-LTS), built on 2025-07-15T00:00:00Z by "admin" with MS VC++ 17.7 (VS2022)

END.
