#
# There is insufficient memory for the Java Runtime Environment to continue.
# Native memory allocation (malloc) failed to allocate 606896 bytes. Error detail: Chunk::new
# Possible reasons:
#   The system is out of physical RAM or swap space
#   This process is running with CompressedOops enabled, and the Java Heap may be blocking the growth of the native heap
# Possible solutions:
#   Reduce memory load on the system
#   Increase physical memory or swap space
#   Check if swap backing store is full
#   Decrease Java heap size (-Xmx/-Xms)
#   Decrease number of Java threads
#   Decrease Java thread stack sizes (-Xss)
#   Set larger code cache with -XX:ReservedCodeCacheSize=
#   JVM is running with Unscaled Compressed Oops mode in which the Java heap is
#     placed in the first 4GB address space. The Java Heap base address is the
#     maximum limit for the native heap growth. Please use -XX:HeapBaseMinAddress
#     to set the Java Heap base and to place the Java Heap above 4GB virtual address.
# This output file may be truncated or incomplete.
#
#  Out of Memory Error (arena.cpp:168), pid=1472, tid=10212
#
# JRE version: OpenJDK Runtime Environment Temurin-21.0.8+9 (21.0.8+9) (build 21.0.8+9-LTS)
# Java VM: OpenJDK 64-Bit Server VM Temurin-21.0.8+9 (21.0.8+9-LTS, mixed mode, sharing, tiered, compressed oops, compressed class ptrs, parallel gc, windows-amd64)
# No core dump will be written. Minidumps are not enabled by default on client versions of Windows
#

---------------  S U M M A R Y ------------

Command Line: --add-modules=ALL-SYSTEM --add-opens=java.base/java.util=ALL-UNNAMED --add-opens=java.base/java.lang=ALL-UNNAMED --add-opens=java.base/sun.nio.fs=ALL-UNNAMED -Declipse.application=org.eclipse.jdt.ls.core.id1 -Dosgi.bundles.defaultStartLevel=4 -Declipse.product=org.eclipse.jdt.ls.core.product -Djava.import.generatesMetadataFilesAtProjectRoot=false -DDetectVMInstallationsJob.disabled=true -Dfile.encoding=utf8 -XX:+UseParallelGC -XX:GCTimeRatio=4 -XX:AdaptiveSizePolicyWeight=90 -Dsun.zip.disableMemoryMapping=true -Xmx2G -Xms100m -Xlog:disable -javaagent:c:\Users\sangt\.vscode\extensions\redhat.java-1.47.0-win32-x64\lombok\lombok-1.18.39-4050.jar -XX:+HeapDumpOnOutOfMemoryError -XX:HeapDumpPath=c:\Users\sangt\AppData\Roaming\Code\User\workspaceStorage\5f22a2f0accf916092cfcaf2fe6e7c8b\redhat.java -Daether.dependencyCollector.impl=bf c:\Users\sangt\.vscode\extensions\redhat.java-1.47.0-win32-x64\server\plugins\org.eclipse.equinox.launcher_1.7.100.v20251014-1222.jar -configuration c:\Users\sangt\AppData\Roaming\Code\User\globalStorage\redhat.java\1.47.0\config_win -data c:\Users\sangt\AppData\Roaming\Code\User\workspaceStorage\5f22a2f0accf916092cfcaf2fe6e7c8b\redhat.java\jdt_ws --pipe=\\.\pipe\lsp-0cb50739f3e1c70ac3a23377dcb77e1d-sock

Host: 11th Gen Intel(R) Core(TM) i5-11400H @ 2.70GHz, 12 cores, 19G,  Windows 11 , 64 bit Build 26100 (10.0.26100.6725)
Time: Fri Nov  7 12:22:36 2025 SE Asia Standard Time elapsed time: 20.542695 seconds (0d 0h 0m 20s)

---------------  T H R E A D  ---------------

Current thread (0x000002330404a9f0):  JavaThread "C2 CompilerThread0" daemon [_thread_in_native, id=10212, stack(0x000000ee8aa00000,0x000000ee8ab00000) (1024K)]


Current CompileTask:
C2:20542 6986   !   4       org.gradle.internal.daemon.client.serialization.ClasspathInferer::find (383 bytes)

Stack: [0x000000ee8aa00000,0x000000ee8ab00000]
Native frames: (J=compiled Java code, j=interpreted, Vv=VM code, C=native code)
V  [jvm.dll+0x6d2449]
V  [jvm.dll+0x8ae341]
V  [jvm.dll+0x8b08be]
V  [jvm.dll+0x8b0fa3]
V  [jvm.dll+0x280c96]
V  [jvm.dll+0xc581d]
V  [jvm.dll+0xc5d53]
V  [jvm.dll+0x3b9162]
V  [jvm.dll+0x385315]
V  [jvm.dll+0x38477a]
V  [jvm.dll+0x248ed0]
V  [jvm.dll+0x2484af]
V  [jvm.dll+0x1c89ee]
V  [jvm.dll+0x257d4d]
V  [jvm.dll+0x2562ea]
V  [jvm.dll+0x3f2d16]
V  [jvm.dll+0x857e6b]
V  [jvm.dll+0x6d0b0d]
C  [ucrtbase.dll+0x37b0]
C  [KERNEL32.DLL+0x2e8d7]
C  [ntdll.dll+0x8c53c]


---------------  P R O C E S S  ---------------

Threads class SMR info:
_java_thread_list=0x000002330915f660, length=56, elements={
0x0000023321660660, 0x00000233791fcd70, 0x00000233791fd8c0, 0x00000233040338b0,
0x0000023304034500, 0x0000023304036630, 0x00000233040443e0, 0x000002330404a9f0,
0x000002330404d670, 0x00000233216cde70, 0x000002330429b6b0, 0x0000023304b88cf0,
0x0000023304c940e0, 0x0000023304d215d0, 0x00000233049652c0, 0x0000023304fef800,
0x0000023305518570, 0x000002330507cb20, 0x000002330507d1b0, 0x000002330507b0e0,
0x000002330507c490, 0x000002330507aa50, 0x000002330507b770, 0x000002330507a3c0,
0x000002330507d840, 0x00000233055192b0, 0x000002330551ba10, 0x0000023305519940,
0x000002330551b380, 0x000002330551a660, 0x000002330551acf0, 0x0000023305519fd0,
0x000002330551c0a0, 0x0000023305518c20, 0x000002330551ee90, 0x000002330551cdc0,
0x000002330551f520, 0x000002330551e800, 0x000002330551dae0, 0x000002330551e170,
0x000002330551fbb0, 0x000002330551c730, 0x0000023307500710, 0x0000023307502e70,
0x0000023307503500, 0x0000023307503b90, 0x00000233075055d0, 0x0000023307504220,
0x00000233075048b0, 0x0000023307504f40, 0x0000023307502150, 0x0000023307505c60,
0x00000233075062f0, 0x0000023307506980, 0x0000023307507010, 0x00000233075076a0
}

Java Threads: ( => current thread )
  0x0000023321660660 JavaThread "main"                              [_thread_blocked, id=3524, stack(0x000000ee8a000000,0x000000ee8a100000) (1024K)]
  0x00000233791fcd70 JavaThread "Reference Handler"          daemon [_thread_blocked, id=15992, stack(0x000000ee8a400000,0x000000ee8a500000) (1024K)]
  0x00000233791fd8c0 JavaThread "Finalizer"                  daemon [_thread_blocked, id=19340, stack(0x000000ee8a500000,0x000000ee8a600000) (1024K)]
  0x00000233040338b0 JavaThread "Signal Dispatcher"          daemon [_thread_blocked, id=8996, stack(0x000000ee8a600000,0x000000ee8a700000) (1024K)]
  0x0000023304034500 JavaThread "Attach Listener"            daemon [_thread_blocked, id=10156, stack(0x000000ee8a700000,0x000000ee8a800000) (1024K)]
  0x0000023304036630 JavaThread "Service Thread"             daemon [_thread_blocked, id=11836, stack(0x000000ee8a800000,0x000000ee8a900000) (1024K)]
  0x00000233040443e0 JavaThread "Monitor Deflation Thread"   daemon [_thread_blocked, id=21416, stack(0x000000ee8a900000,0x000000ee8aa00000) (1024K)]
=>0x000002330404a9f0 JavaThread "C2 CompilerThread0"         daemon [_thread_in_native, id=10212, stack(0x000000ee8aa00000,0x000000ee8ab00000) (1024K)]
  0x000002330404d670 JavaThread "C1 CompilerThread0"         daemon [_thread_blocked, id=10308, stack(0x000000ee8ab00000,0x000000ee8ac00000) (1024K)]
  0x00000233216cde70 JavaThread "Common-Cleaner"             daemon [_thread_blocked, id=2604, stack(0x000000ee8ac00000,0x000000ee8ad00000) (1024K)]
  0x000002330429b6b0 JavaThread "Notification Thread"        daemon [_thread_blocked, id=21296, stack(0x000000ee8ae00000,0x000000ee8af00000) (1024K)]
  0x0000023304b88cf0 JavaThread "Active Thread: Equinox Container: 8c70c0cc-f933-460f-964e-237e0cc09b9e"        [_thread_blocked, id=15796, stack(0x000000ee8b600000,0x000000ee8b700000) (1024K)]
  0x0000023304c940e0 JavaThread "Refresh Thread: Equinox Container: 8c70c0cc-f933-460f-964e-237e0cc09b9e" daemon [_thread_blocked, id=17548, stack(0x000000ee8b700000,0x000000ee8b800000) (1024K)]
  0x0000023304d215d0 JavaThread "Framework Event Dispatcher: Equinox Container: 8c70c0cc-f933-460f-964e-237e0cc09b9e" daemon [_thread_blocked, id=4272, stack(0x000000ee8b900000,0x000000ee8ba00000) (1024K)]
  0x00000233049652c0 JavaThread "Start Level: Equinox Container: 8c70c0cc-f933-460f-964e-237e0cc09b9e" daemon [_thread_blocked, id=17576, stack(0x000000ee8ba00000,0x000000ee8bb00000) (1024K)]
  0x0000023304fef800 JavaThread "Bundle File Closer"         daemon [_thread_blocked, id=3000, stack(0x000000ee8bd00000,0x000000ee8be00000) (1024K)]
  0x0000023305518570 JavaThread "SCR Component Actor"        daemon [_thread_blocked, id=9324, stack(0x000000ee8af00000,0x000000ee8b000000) (1024K)]
  0x000002330507cb20 JavaThread "Worker-JM"                         [_thread_blocked, id=8256, stack(0x000000ee8bf00000,0x000000ee8c000000) (1024K)]
  0x000002330507d1b0 JavaThread "JNA Cleaner"                daemon [_thread_blocked, id=14472, stack(0x000000ee8be00000,0x000000ee8bf00000) (1024K)]
  0x000002330507b0e0 JavaThread "Worker-0"                          [_thread_blocked, id=13052, stack(0x000000ee8c000000,0x000000ee8c100000) (1024K)]
  0x000002330507c490 JavaThread "Worker-1"                          [_thread_blocked, id=15536, stack(0x000000ee8c100000,0x000000ee8c200000) (1024K)]
  0x000002330507aa50 JavaThread "Java indexing"              daemon [_thread_blocked, id=20076, stack(0x000000ee8c200000,0x000000ee8c300000) (1024K)]
  0x000002330507b770 JavaThread "Worker-2"                          [_thread_blocked, id=12812, stack(0x000000ee8c300000,0x000000ee8c400000) (1024K)]
  0x000002330507a3c0 JavaThread "Worker-3: Initialize Workspace"        [_thread_blocked, id=8896, stack(0x000000ee8c500000,0x000000ee8c600000) (1024K)]
  0x000002330507d840 JavaThread "Worker-4"                          [_thread_blocked, id=18608, stack(0x000000ee8c800000,0x000000ee8c900000) (1024K)]
  0x00000233055192b0 JavaThread "Worker-5"                          [_thread_blocked, id=3572, stack(0x000000ee8c900000,0x000000ee8ca00000) (1024K)]
  0x000002330551ba10 JavaThread "Thread-1"                   daemon [_thread_in_native, id=14212, stack(0x000000ee8ca00000,0x000000ee8cb00000) (1024K)]
  0x0000023305519940 JavaThread "Thread-2"                   daemon [_thread_in_native, id=1636, stack(0x000000ee8cb00000,0x000000ee8cc00000) (1024K)]
  0x000002330551b380 JavaThread "Thread-3"                   daemon [_thread_in_native, id=20272, stack(0x000000ee8cc00000,0x000000ee8cd00000) (1024K)]
  0x000002330551a660 JavaThread "Thread-4"                   daemon [_thread_in_native, id=18168, stack(0x000000ee8cd00000,0x000000ee8ce00000) (1024K)]
  0x000002330551acf0 JavaThread "Thread-5"                   daemon [_thread_in_native, id=4672, stack(0x000000ee8ce00000,0x000000ee8cf00000) (1024K)]
  0x0000023305519fd0 JavaThread "Thread-6"                   daemon [_thread_in_native, id=19440, stack(0x000000ee8cf00000,0x000000ee8d000000) (1024K)]
  0x000002330551c0a0 JavaThread "Thread-7"                   daemon [_thread_in_native, id=22048, stack(0x000000ee8d000000,0x000000ee8d100000) (1024K)]
  0x0000023305518c20 JavaThread "Thread-8"                   daemon [_thread_in_native, id=13436, stack(0x000000ee8d100000,0x000000ee8d200000) (1024K)]
  0x000002330551ee90 JavaThread "Thread-9"                   daemon [_thread_in_native, id=7940, stack(0x000000ee8d200000,0x000000ee8d300000) (1024K)]
  0x000002330551cdc0 JavaThread "Thread-10"                  daemon [_thread_in_native, id=13420, stack(0x000000ee8d300000,0x000000ee8d400000) (1024K)]
  0x000002330551f520 JavaThread "Thread-11"                  daemon [_thread_in_native, id=16304, stack(0x000000ee8d400000,0x000000ee8d500000) (1024K)]
  0x000002330551e800 JavaThread "Thread-12"                  daemon [_thread_in_native, id=4020, stack(0x000000ee8d500000,0x000000ee8d600000) (1024K)]
  0x000002330551dae0 JavaThread "Thread-13"                  daemon [_thread_in_native, id=10200, stack(0x000000ee8d600000,0x000000ee8d700000) (1024K)]
  0x000002330551e170 JavaThread "pool-2-thread-1"                   [_thread_blocked, id=14680, stack(0x000000ee8d700000,0x000000ee8d800000) (1024K)]
  0x000002330551fbb0 JavaThread "WorkspaceEventsHandler"            [_thread_blocked, id=9908, stack(0x000000ee8d800000,0x000000ee8d900000) (1024K)]
  0x000002330551c730 JavaThread "pool-1-thread-1"                   [_thread_blocked, id=23372, stack(0x000000ee8d900000,0x000000ee8da00000) (1024K)]
  0x0000023307500710 JavaThread "ForkJoinPool.commonPool-worker-1" daemon [_thread_blocked, id=8576, stack(0x000000ee8da00000,0x000000ee8db00000) (1024K)]
  0x0000023307502e70 JavaThread "ForkJoinPool.commonPool-worker-2" daemon [_thread_blocked, id=20436, stack(0x000000ee8db00000,0x000000ee8dc00000) (1024K)]
  0x0000023307503500 JavaThread "Timer-0"                           [_thread_blocked, id=24560, stack(0x000000ee8c400000,0x000000ee8c500000) (1024K)]
  0x0000023307503b90 JavaThread "Timer-1"                           [_thread_blocked, id=24316, stack(0x000000ee8dc00000,0x000000ee8dd00000) (1024K)]
  0x00000233075055d0 JavaThread "Timer-2"                           [_thread_blocked, id=24356, stack(0x000000ee8dd00000,0x000000ee8de00000) (1024K)]
  0x0000023307504220 JavaThread "LocalFile Deleter"          daemon [_thread_blocked, id=24152, stack(0x000000ee8df00000,0x000000ee8e000000) (1024K)]
  0x00000233075048b0 JavaThread "LocalFile Deleter"          daemon [_thread_blocked, id=24344, stack(0x000000ee8e000000,0x000000ee8e100000) (1024K)]
  0x0000023307504f40 JavaThread "LocalFile Deleter"          daemon [_thread_blocked, id=24336, stack(0x000000ee8e100000,0x000000ee8e200000) (1024K)]
  0x0000023307502150 JavaThread "LocalFile Deleter"          daemon [_thread_blocked, id=24372, stack(0x000000ee8e200000,0x000000ee8e300000) (1024K)]
  0x0000023307505c60 JavaThread "LocalFile Deleter"          daemon [_thread_blocked, id=24396, stack(0x000000ee8e300000,0x000000ee8e400000) (1024K)]
  0x00000233075062f0 JavaThread "Timer-3"                           [_thread_blocked, id=24504, stack(0x000000ee8ad00000,0x000000ee8ae00000) (1024K)]
  0x0000023307506980 JavaThread "Timer-4"                           [_thread_blocked, id=4428, stack(0x000000ee8de00000,0x000000ee8df00000) (1024K)]
  0x0000023307507010 JavaThread "Connection worker"                 [_thread_in_native, id=8260, stack(0x000000ee8e400000,0x000000ee8e500000) (1024K)]
  0x00000233075076a0 JavaThread "Worker-6"                          [_thread_blocked, id=6856, stack(0x000000ee8e500000,0x000000ee8e600000) (1024K)]
Total: 56

Other Threads:
  0x00000233791e44d0 VMThread "VM Thread"                           [id=5656, stack(0x000000ee8a300000,0x000000ee8a400000) (1024K)]
  0x00000233216cbb00 WatcherThread "VM Periodic Task Thread"        [id=7372, stack(0x000000ee8a200000,0x000000ee8a300000) (1024K)]
  0x000002332167e870 WorkerThread "GC Thread#0"                     [id=13816, stack(0x000000ee8a100000,0x000000ee8a200000) (1024K)]
  0x0000023304ccd0d0 WorkerThread "GC Thread#1"                     [id=13088, stack(0x000000ee8b000000,0x000000ee8b100000) (1024K)]
  0x0000023304bc8e20 WorkerThread "GC Thread#2"                     [id=18304, stack(0x000000ee8b100000,0x000000ee8b200000) (1024K)]
  0x0000023304ccd470 WorkerThread "GC Thread#3"                     [id=20176, stack(0x000000ee8b200000,0x000000ee8b300000) (1024K)]
  0x0000023304760d50 WorkerThread "GC Thread#4"                     [id=23024, stack(0x000000ee8b300000,0x000000ee8b400000) (1024K)]
  0x00000233047610f0 WorkerThread "GC Thread#5"                     [id=8788, stack(0x000000ee8b400000,0x000000ee8b500000) (1024K)]
  0x000002330476dc10 WorkerThread "GC Thread#6"                     [id=19204, stack(0x000000ee8b500000,0x000000ee8b600000) (1024K)]
  0x000002330476dfb0 WorkerThread "GC Thread#7"                     [id=14824, stack(0x000000ee8b800000,0x000000ee8b900000) (1024K)]
  0x000002330476e6f0 WorkerThread "GC Thread#8"                     [id=12156, stack(0x000000ee8bb00000,0x000000ee8bc00000) (1024K)]
  0x000002330476cd90 WorkerThread "GC Thread#9"                     [id=14752, stack(0x000000ee8bc00000,0x000000ee8bd00000) (1024K)]
Total: 12

Threads with active compile tasks:
C2 CompilerThread0  20571 6986   !   4       org.gradle.internal.daemon.client.serialization.ClasspathInferer::find (383 bytes)
Total: 1

VM state: not at safepoint (normal execution)

VM Mutex/Monitor currently owned by a thread: None

Heap address: 0x0000000080000000, size: 2048 MB, Compressed Oops mode: 32-bit

CDS archive(s) mapped at: [0x0000023338000000-0x0000023338ba0000-0x0000023338ba0000), size 12189696, SharedBaseAddress: 0x0000023338000000, ArchiveRelocationMode: 1.
Compressed class space mapped at: 0x0000023339000000-0x0000023379000000, reserved size: 1073741824
Narrow klass base: 0x0000023338000000, Narrow klass shift: 0, Narrow klass range: 0x100000000

GC Precious Log:
 CardTable entry size: 512
 CPUs: 12 total, 12 available
 Memory: 20117M
 Large Page Support: Disabled
 NUMA Support: Disabled
 Compressed Oops: Enabled (32-bit)
 Alignments: Space 512K, Generation 512K, Heap 2M
 Heap Min Capacity: 100M
 Heap Initial Capacity: 100M
 Heap Max Capacity: 2G
 Pre-touch: Disabled
 Parallel Workers: 10

Heap:
 PSYoungGen      total 23040K, used 3182K [0x00000000d5580000, 0x00000000d7080000, 0x0000000100000000)
  eden space 21504K, 9% used [0x00000000d5580000,0x00000000d57840e0,0x00000000d6a80000)
  from space 1536K, 72% used [0x00000000d6f00000,0x00000000d7017a08,0x00000000d7080000)
  to   space 1536K, 0% used [0x00000000d6d80000,0x00000000d6d80000,0x00000000d6f00000)
 ParOldGen       total 68608K, used 40142K [0x0000000080000000, 0x0000000084300000, 0x00000000d5580000)
  object space 68608K, 58% used [0x0000000080000000,0x0000000082733960,0x0000000084300000)
 Metaspace       used 55532K, committed 56832K, reserved 1114112K
  class space    used 6620K, committed 7168K, reserved 1048576K

Card table byte_map: [0x0000023321000000,0x0000023321410000] _byte_map_base: 0x0000023320c00000

Marking Bits: (ParMarkBitMap*) 0x00007ffd6cb2a340
 Begin Bits: [0x0000023333b00000, 0x0000023335b00000)
 End Bits:   [0x0000023335b00000, 0x0000023337b00000)

Polling page: 0x000002331f4a0000

Metaspace:

Usage:
  Non-class:     47.77 MB used.
      Class:      6.47 MB used.
       Both:     54.23 MB used.

Virtual space:
  Non-class space:       64.00 MB reserved,      48.50 MB ( 76%) committed,  1 nodes.
      Class space:        1.00 GB reserved,       7.00 MB ( <1%) committed,  1 nodes.
             Both:        1.06 GB reserved,      55.50 MB (  5%) committed. 

Chunk freelists:
   Non-Class:  14.86 MB
       Class:  9.00 MB
        Both:  23.86 MB

MaxMetaspaceSize: unlimited
CompressedClassSpaceSize: 1.00 GB
Initial GC threshold: 21.00 MB
Current GC threshold: 58.88 MB
CDS: on
 - commit_granule_bytes: 65536.
 - commit_granule_words: 8192.
 - virtual_space_node_default_size: 8388608.
 - enlarge_chunks_in_place: 1.
 - use_allocation_guard: 0.


Internal statistics:

num_allocs_failed_limit: 10.
num_arena_births: 962.
num_arena_deaths: 26.
num_vsnodes_births: 2.
num_vsnodes_deaths: 0.
num_space_committed: 888.
num_space_uncommitted: 0.
num_chunks_returned_to_freelist: 38.
num_chunks_taken_from_freelist: 3322.
num_chunk_merges: 15.
num_chunk_splits: 2181.
num_chunks_enlarged: 1422.
num_inconsistent_stats: 0.

CodeHeap 'non-profiled nmethods': size=120000Kb used=4059Kb max_used=4059Kb free=115940Kb
 bounds [0x000002332c320000, 0x000002332c720000, 0x0000023333850000]
CodeHeap 'profiled nmethods': size=120000Kb used=13335Kb max_used=13335Kb free=106664Kb
 bounds [0x0000023324850000, 0x0000023325560000, 0x000002332bd80000]
CodeHeap 'non-nmethods': size=5760Kb used=1386Kb max_used=1444Kb free=4373Kb
 bounds [0x000002332bd80000, 0x000002332bff0000, 0x000002332c320000]
CodeCache: size=245760Kb, used=18780Kb, max_used=18838Kb, free=226977Kb
 total_blobs=7129, nmethods=6452, adapters=583, full_count=0
Compilation: enabled, stopped_count=0, restarted_count=0

Compilation events (20 events):
Event: 18.475 Thread 0x000002330404d670 nmethod 6982 0x000002332554b890 code [0x000002332554ba80, 0x000002332554be18]
Event: 18.481 Thread 0x000002330404d670 6983       3       org.objectweb.asm.ClassReader::readInt (52 bytes)
Event: 18.481 Thread 0x000002330404d670 nmethod 6983 0x000002332554bf90 code [0x000002332554c140, 0x000002332554c318]
Event: 18.483 Thread 0x000002330404d670 6984       3       org.objectweb.asm.ClassReader::readShort (27 bytes)
Event: 18.484 Thread 0x000002330404d670 nmethod 6984 0x000002332554c490 code [0x000002332554c640, 0x000002332554c7b8]
Event: 18.486 Thread 0x000002330404a9f0 6985       4       java.net.URI$Parser::checkChars (44 bytes)
Event: 18.489 Thread 0x000002330404d670 6987       3       com.google.common.io.ByteStreams::toByteArrayInternal (152 bytes)
Event: 18.490 Thread 0x000002330404d670 nmethod 6987 0x000002332554c890 code [0x000002332554cb20, 0x000002332554d6f8]
Event: 18.490 Thread 0x000002330404d670 6988       3       java.util.ArrayDeque::<init> (35 bytes)
Event: 18.490 Thread 0x000002330404d670 nmethod 6988 0x000002332554db10 code [0x000002332554dcc0, 0x000002332554dfd8]
Event: 18.492 Thread 0x000002330404a9f0 nmethod 6985 0x000002332c715210 code [0x000002332c715400, 0x000002332c715b98]
Event: 18.492 Thread 0x000002330404a9f0 6986   !   4       org.gradle.internal.daemon.client.serialization.ClasspathInferer::find (383 bytes)
Event: 18.496 Thread 0x000002330404d670 6989       3       java.net.URI::hashCode (123 bytes)
Event: 18.497 Thread 0x000002330404d670 nmethod 6989 0x000002332554e110 code [0x000002332554e460, 0x000002332554f408]
Event: 18.497 Thread 0x000002330404d670 6990       3       java.net.URI::equals (223 bytes)
Event: 18.497 Thread 0x000002330404d670 nmethod 6990 0x000002332554f990 code [0x000002332554fc60, 0x00000233255508e0]
Event: 18.597 Thread 0x000002330404d670 6994       3       java.lang.Character::isUpperCase (5 bytes)
Event: 18.597 Thread 0x000002330404d670 nmethod 6994 0x0000023325550b10 code [0x0000023325550ce0, 0x0000023325550f38]
Event: 18.597 Thread 0x000002330404d670 6995       3       java.lang.Character::isUpperCase (9 bytes)
Event: 20.539 Thread 0x000002330404d670 nmethod 6995 0x0000023325551010 code [0x00000233255511c0, 0x00000233255513b8]

GC Heap History (20 events):
Event: 6.652 GC heap before
{Heap before GC invocations=20 (full 2):
 PSYoungGen      total 23040K, used 23040K [0x00000000d5580000, 0x00000000d7000000, 0x0000000100000000)
  eden space 22016K, 100% used [0x00000000d5580000,0x00000000d6b00000,0x00000000d6b00000)
  from space 1024K, 100% used [0x00000000d6d80000,0x00000000d6e80000,0x00000000d6e80000)
  to   space 1536K, 0% used [0x00000000d6e80000,0x00000000d6e80000,0x00000000d7000000)
 ParOldGen       total 68608K, used 20043K [0x0000000080000000, 0x0000000084300000, 0x00000000d5580000)
  object space 68608K, 29% used [0x0000000080000000,0x0000000081392f18,0x0000000084300000)
 Metaspace       used 43642K, committed 44864K, reserved 1114112K
  class space    used 4785K, committed 5312K, reserved 1048576K
}
Event: 6.656 GC heap after
{Heap after GC invocations=20 (full 2):
 PSYoungGen      total 23552K, used 1433K [0x00000000d5580000, 0x00000000d7000000, 0x0000000100000000)
  eden space 22016K, 0% used [0x00000000d5580000,0x00000000d5580000,0x00000000d6b00000)
  from space 1536K, 93% used [0x00000000d6e80000,0x00000000d6fe65e0,0x00000000d7000000)
  to   space 2048K, 0% used [0x00000000d6c00000,0x00000000d6c00000,0x00000000d6e00000)
 ParOldGen       total 68608K, used 20931K [0x0000000080000000, 0x0000000084300000, 0x00000000d5580000)
  object space 68608K, 30% used [0x0000000080000000,0x0000000081470c18,0x0000000084300000)
 Metaspace       used 43642K, committed 44864K, reserved 1114112K
  class space    used 4785K, committed 5312K, reserved 1048576K
}
Event: 12.009 GC heap before
{Heap before GC invocations=21 (full 2):
 PSYoungGen      total 23552K, used 23437K [0x00000000d5580000, 0x00000000d7000000, 0x0000000100000000)
  eden space 22016K, 99% used [0x00000000d5580000,0x00000000d6afd180,0x00000000d6b00000)
  from space 1536K, 93% used [0x00000000d6e80000,0x00000000d6fe65e0,0x00000000d7000000)
  to   space 2048K, 0% used [0x00000000d6c00000,0x00000000d6c00000,0x00000000d6e00000)
 ParOldGen       total 68608K, used 20931K [0x0000000080000000, 0x0000000084300000, 0x00000000d5580000)
  object space 68608K, 30% used [0x0000000080000000,0x0000000081470c18,0x0000000084300000)
 Metaspace       used 45883K, committed 47104K, reserved 1114112K
  class space    used 5039K, committed 5568K, reserved 1048576K
}
Event: 12.011 GC heap after
{Heap after GC invocations=21 (full 2):
 PSYoungGen      total 23552K, used 1280K [0x00000000d5580000, 0x00000000d6f00000, 0x0000000100000000)
  eden space 22016K, 0% used [0x00000000d5580000,0x00000000d5580000,0x00000000d6b00000)
  from space 1536K, 83% used [0x00000000d6c00000,0x00000000d6d40000,0x00000000d6d80000)
  to   space 1536K, 0% used [0x00000000d6d80000,0x00000000d6d80000,0x00000000d6f00000)
 ParOldGen       total 68608K, used 22166K [0x0000000080000000, 0x0000000084300000, 0x00000000d5580000)
  object space 68608K, 32% used [0x0000000080000000,0x00000000815a5898,0x0000000084300000)
 Metaspace       used 45883K, committed 47104K, reserved 1114112K
  class space    used 5039K, committed 5568K, reserved 1048576K
}
Event: 12.824 GC heap before
{Heap before GC invocations=22 (full 2):
 PSYoungGen      total 23552K, used 23296K [0x00000000d5580000, 0x00000000d6f00000, 0x0000000100000000)
  eden space 22016K, 100% used [0x00000000d5580000,0x00000000d6b00000,0x00000000d6b00000)
  from space 1536K, 83% used [0x00000000d6c00000,0x00000000d6d40000,0x00000000d6d80000)
  to   space 1536K, 0% used [0x00000000d6d80000,0x00000000d6d80000,0x00000000d6f00000)
 ParOldGen       total 68608K, used 22166K [0x0000000080000000, 0x0000000084300000, 0x00000000d5580000)
  object space 68608K, 32% used [0x0000000080000000,0x00000000815a5898,0x0000000084300000)
 Metaspace       used 46209K, committed 47360K, reserved 1114112K
  class space    used 5065K, committed 5568K, reserved 1048576K
}
Event: 12.825 GC heap after
{Heap after GC invocations=22 (full 2):
 PSYoungGen      total 22528K, used 320K [0x00000000d5580000, 0x00000000d6e00000, 0x0000000100000000)
  eden space 22016K, 0% used [0x00000000d5580000,0x00000000d5580000,0x00000000d6b00000)
  from space 512K, 62% used [0x00000000d6d80000,0x00000000d6dd0000,0x00000000d6e00000)
  to   space 1024K, 0% used [0x00000000d6c00000,0x00000000d6c00000,0x00000000d6d00000)
 ParOldGen       total 68608K, used 23243K [0x0000000080000000, 0x0000000084300000, 0x00000000d5580000)
  object space 68608K, 33% used [0x0000000080000000,0x00000000816b2d38,0x0000000084300000)
 Metaspace       used 46209K, committed 47360K, reserved 1114112K
  class space    used 5065K, committed 5568K, reserved 1048576K
}
Event: 13.104 GC heap before
{Heap before GC invocations=23 (full 2):
 PSYoungGen      total 22528K, used 22264K [0x00000000d5580000, 0x00000000d6e00000, 0x0000000100000000)
  eden space 22016K, 99% used [0x00000000d5580000,0x00000000d6aee3f0,0x00000000d6b00000)
  from space 512K, 62% used [0x00000000d6d80000,0x00000000d6dd0000,0x00000000d6e00000)
  to   space 1024K, 0% used [0x00000000d6c00000,0x00000000d6c00000,0x00000000d6d00000)
 ParOldGen       total 68608K, used 23243K [0x0000000080000000, 0x0000000084300000, 0x00000000d5580000)
  object space 68608K, 33% used [0x0000000080000000,0x00000000816b2d38,0x0000000084300000)
 Metaspace       used 48109K, committed 49344K, reserved 1114112K
  class space    used 5378K, committed 5888K, reserved 1048576K
}
Event: 14.558 GC heap after
{Heap after GC invocations=23 (full 2):
 PSYoungGen      total 23040K, used 997K [0x00000000d5580000, 0x00000000d7500000, 0x0000000100000000)
  eden space 22016K, 0% used [0x00000000d5580000,0x00000000d5580000,0x00000000d6b00000)
  from space 1024K, 97% used [0x00000000d6c00000,0x00000000d6cf9470,0x00000000d6d00000)
  to   space 5120K, 0% used [0x00000000d7000000,0x00000000d7000000,0x00000000d7500000)
 ParOldGen       total 68608K, used 26228K [0x0000000080000000, 0x0000000084300000, 0x00000000d5580000)
  object space 68608K, 38% used [0x0000000080000000,0x000000008199d390,0x0000000084300000)
 Metaspace       used 48109K, committed 49344K, reserved 1114112K
  class space    used 5378K, committed 5888K, reserved 1048576K
}
Event: 15.657 GC heap before
{Heap before GC invocations=24 (full 2):
 PSYoungGen      total 23040K, used 23013K [0x00000000d5580000, 0x00000000d7500000, 0x0000000100000000)
  eden space 22016K, 100% used [0x00000000d5580000,0x00000000d6b00000,0x00000000d6b00000)
  from space 1024K, 97% used [0x00000000d6c00000,0x00000000d6cf9470,0x00000000d6d00000)
  to   space 5120K, 0% used [0x00000000d7000000,0x00000000d7000000,0x00000000d7500000)
 ParOldGen       total 68608K, used 26228K [0x0000000080000000, 0x0000000084300000, 0x00000000d5580000)
  object space 68608K, 38% used [0x0000000080000000,0x000000008199d390,0x0000000084300000)
 Metaspace       used 49654K, committed 50880K, reserved 1114112K
  class space    used 5663K, committed 6208K, reserved 1048576K
}
Event: 15.660 GC heap after
{Heap after GC invocations=24 (full 2):
 PSYoungGen      total 26624K, used 5006K [0x00000000d5580000, 0x00000000d7600000, 0x0000000100000000)
  eden space 21504K, 0% used [0x00000000d5580000,0x00000000d5580000,0x00000000d6a80000)
  from space 5120K, 97% used [0x00000000d7000000,0x00000000d74e3870,0x00000000d7500000)
  to   space 5632K, 0% used [0x00000000d6a80000,0x00000000d6a80000,0x00000000d7000000)
 ParOldGen       total 68608K, used 27562K [0x0000000080000000, 0x0000000084300000, 0x00000000d5580000)
  object space 68608K, 40% used [0x0000000080000000,0x0000000081aea970,0x0000000084300000)
 Metaspace       used 49654K, committed 50880K, reserved 1114112K
  class space    used 5663K, committed 6208K, reserved 1048576K
}
Event: 16.290 GC heap before
{Heap before GC invocations=25 (full 2):
 PSYoungGen      total 26624K, used 26510K [0x00000000d5580000, 0x00000000d7600000, 0x0000000100000000)
  eden space 21504K, 100% used [0x00000000d5580000,0x00000000d6a80000,0x00000000d6a80000)
  from space 5120K, 97% used [0x00000000d7000000,0x00000000d74e3870,0x00000000d7500000)
  to   space 5632K, 0% used [0x00000000d6a80000,0x00000000d6a80000,0x00000000d7000000)
 ParOldGen       total 68608K, used 27562K [0x0000000080000000, 0x0000000084300000, 0x00000000d5580000)
  object space 68608K, 40% used [0x0000000080000000,0x0000000081aea970,0x0000000084300000)
 Metaspace       used 50301K, committed 51520K, reserved 1114112K
  class space    used 5752K, committed 6272K, reserved 1048576K
}
Event: 16.293 GC heap after
{Heap after GC invocations=25 (full 2):
 PSYoungGen      total 22528K, used 704K [0x00000000d5580000, 0x00000000d7080000, 0x0000000100000000)
  eden space 21504K, 0% used [0x00000000d5580000,0x00000000d5580000,0x00000000d6a80000)
  from space 1024K, 68% used [0x00000000d6a80000,0x00000000d6b30000,0x00000000d6b80000)
  to   space 2560K, 0% used [0x00000000d6e00000,0x00000000d6e00000,0x00000000d7080000)
 ParOldGen       total 68608K, used 32429K [0x0000000080000000, 0x0000000084300000, 0x00000000d5580000)
  object space 68608K, 47% used [0x0000000080000000,0x0000000081fab5b8,0x0000000084300000)
 Metaspace       used 50301K, committed 51520K, reserved 1114112K
  class space    used 5752K, committed 6272K, reserved 1048576K
}
Event: 16.748 GC heap before
{Heap before GC invocations=26 (full 2):
 PSYoungGen      total 22528K, used 22208K [0x00000000d5580000, 0x00000000d7080000, 0x0000000100000000)
  eden space 21504K, 100% used [0x00000000d5580000,0x00000000d6a80000,0x00000000d6a80000)
  from space 1024K, 68% used [0x00000000d6a80000,0x00000000d6b30000,0x00000000d6b80000)
  to   space 2560K, 0% used [0x00000000d6e00000,0x00000000d6e00000,0x00000000d7080000)
 ParOldGen       total 68608K, used 32429K [0x0000000080000000, 0x0000000084300000, 0x00000000d5580000)
  object space 68608K, 47% used [0x0000000080000000,0x0000000081fab5b8,0x0000000084300000)
 Metaspace       used 50312K, committed 51520K, reserved 1114112K
  class space    used 5752K, committed 6272K, reserved 1048576K
}
Event: 16.749 GC heap after
{Heap after GC invocations=26 (full 2):
 PSYoungGen      total 22528K, used 736K [0x00000000d5580000, 0x00000000d6f00000, 0x0000000100000000)
  eden space 21504K, 0% used [0x00000000d5580000,0x00000000d5580000,0x00000000d6a80000)
  from space 1024K, 71% used [0x00000000d6e00000,0x00000000d6eb8000,0x00000000d6f00000)
  to   space 1024K, 0% used [0x00000000d6a80000,0x00000000d6a80000,0x00000000d6b80000)
 ParOldGen       total 68608K, used 33023K [0x0000000080000000, 0x0000000084300000, 0x00000000d5580000)
  object space 68608K, 48% used [0x0000000080000000,0x000000008203ff78,0x0000000084300000)
 Metaspace       used 50312K, committed 51520K, reserved 1114112K
  class space    used 5752K, committed 6272K, reserved 1048576K
}
Event: 17.045 GC heap before
{Heap before GC invocations=27 (full 2):
 PSYoungGen      total 22528K, used 22239K [0x00000000d5580000, 0x00000000d6f00000, 0x0000000100000000)
  eden space 21504K, 99% used [0x00000000d5580000,0x00000000d6a7ffb8,0x00000000d6a80000)
  from space 1024K, 71% used [0x00000000d6e00000,0x00000000d6eb8000,0x00000000d6f00000)
  to   space 1024K, 0% used [0x00000000d6a80000,0x00000000d6a80000,0x00000000d6b80000)
 ParOldGen       total 68608K, used 33023K [0x0000000080000000, 0x0000000084300000, 0x00000000d5580000)
  object space 68608K, 48% used [0x0000000080000000,0x000000008203ff78,0x0000000084300000)
 Metaspace       used 50396K, committed 51584K, reserved 1114112K
  class space    used 5763K, committed 6272K, reserved 1048576K
}
Event: 17.047 GC heap after
{Heap after GC invocations=27 (full 2):
 PSYoungGen      total 22528K, used 1022K [0x00000000d5580000, 0x00000000d7580000, 0x0000000100000000)
  eden space 21504K, 0% used [0x00000000d5580000,0x00000000d5580000,0x00000000d6a80000)
  from space 1024K, 99% used [0x00000000d6a80000,0x00000000d6b7f830,0x00000000d6b80000)
  to   space 5632K, 0% used [0x00000000d7000000,0x00000000d7000000,0x00000000d7580000)
 ParOldGen       total 68608K, used 36644K [0x0000000080000000, 0x0000000084300000, 0x00000000d5580000)
  object space 68608K, 53% used [0x0000000080000000,0x00000000823c9238,0x0000000084300000)
 Metaspace       used 50396K, committed 51584K, reserved 1114112K
  class space    used 5763K, committed 6272K, reserved 1048576K
}
Event: 17.406 GC heap before
{Heap before GC invocations=28 (full 2):
 PSYoungGen      total 22528K, used 22526K [0x00000000d5580000, 0x00000000d7580000, 0x0000000100000000)
  eden space 21504K, 100% used [0x00000000d5580000,0x00000000d6a80000,0x00000000d6a80000)
  from space 1024K, 99% used [0x00000000d6a80000,0x00000000d6b7f830,0x00000000d6b80000)
  to   space 5632K, 0% used [0x00000000d7000000,0x00000000d7000000,0x00000000d7580000)
 ParOldGen       total 68608K, used 36644K [0x0000000080000000, 0x0000000084300000, 0x00000000d5580000)
  object space 68608K, 53% used [0x0000000080000000,0x00000000823c9238,0x0000000084300000)
 Metaspace       used 52107K, committed 53376K, reserved 1114112K
  class space    used 6087K, committed 6656K, reserved 1048576K
}
Event: 17.407 GC heap after
{Heap after GC invocations=28 (full 2):
 PSYoungGen      total 23040K, used 1072K [0x00000000d5580000, 0x00000000d7180000, 0x0000000100000000)
  eden space 21504K, 0% used [0x00000000d5580000,0x00000000d5580000,0x00000000d6a80000)
  from space 1536K, 69% used [0x00000000d7000000,0x00000000d710c010,0x00000000d7180000)
  to   space 2560K, 0% used [0x00000000d6c80000,0x00000000d6c80000,0x00000000d6f00000)
 ParOldGen       total 68608K, used 37646K [0x0000000080000000, 0x0000000084300000, 0x00000000d5580000)
  object space 68608K, 54% used [0x0000000080000000,0x00000000824c3b70,0x0000000084300000)
 Metaspace       used 52107K, committed 53376K, reserved 1114112K
  class space    used 6087K, committed 6656K, reserved 1048576K
}
Event: 18.276 GC heap before
{Heap before GC invocations=29 (full 2):
 PSYoungGen      total 23040K, used 22576K [0x00000000d5580000, 0x00000000d7180000, 0x0000000100000000)
  eden space 21504K, 100% used [0x00000000d5580000,0x00000000d6a80000,0x00000000d6a80000)
  from space 1536K, 69% used [0x00000000d7000000,0x00000000d710c010,0x00000000d7180000)
  to   space 2560K, 0% used [0x00000000d6c80000,0x00000000d6c80000,0x00000000d6f00000)
 ParOldGen       total 68608K, used 37646K [0x0000000080000000, 0x0000000084300000, 0x00000000d5580000)
  object space 68608K, 54% used [0x0000000080000000,0x00000000824c3b70,0x0000000084300000)
 Metaspace       used 53945K, committed 55296K, reserved 1114112K
  class space    used 6370K, committed 6976K, reserved 1048576K
}
Event: 18.278 GC heap after
{Heap after GC invocations=29 (full 2):
 PSYoungGen      total 24064K, used 1056K [0x00000000d5580000, 0x00000000d7080000, 0x0000000100000000)
  eden space 21504K, 0% used [0x00000000d5580000,0x00000000d5580000,0x00000000d6a80000)
  from space 2560K, 41% used [0x00000000d6c80000,0x00000000d6d88010,0x00000000d6f00000)
  to   space 1536K, 0% used [0x00000000d6f00000,0x00000000d6f00000,0x00000000d7080000)
 ParOldGen       total 68608K, used 38523K [0x0000000080000000, 0x0000000084300000, 0x00000000d5580000)
  object space 68608K, 56% used [0x0000000080000000,0x000000008259eef8,0x0000000084300000)
 Metaspace       used 53945K, committed 55296K, reserved 1114112K
  class space    used 6370K, committed 6976K, reserved 1048576K
}

Dll operation events (13 events):
Event: 0.011 Loaded shared library c:\Users\sangt\.vscode\extensions\redhat.java-1.47.0-win32-x64\jre\21.0.8-win32-x86_64\bin\java.dll
Event: 0.042 Loaded shared library c:\Users\sangt\.vscode\extensions\redhat.java-1.47.0-win32-x64\jre\21.0.8-win32-x86_64\bin\zip.dll
Event: 0.089 Loaded shared library C:\Users\sangt\.vscode\extensions\redhat.java-1.47.0-win32-x64\jre\21.0.8-win32-x86_64\bin\instrument.dll
Event: 0.092 Loaded shared library C:\Users\sangt\.vscode\extensions\redhat.java-1.47.0-win32-x64\jre\21.0.8-win32-x86_64\bin\net.dll
Event: 0.094 Loaded shared library C:\Users\sangt\.vscode\extensions\redhat.java-1.47.0-win32-x64\jre\21.0.8-win32-x86_64\bin\nio.dll
Event: 0.096 Loaded shared library C:\Users\sangt\.vscode\extensions\redhat.java-1.47.0-win32-x64\jre\21.0.8-win32-x86_64\bin\zip.dll
Event: 0.111 Loaded shared library C:\Users\sangt\.vscode\extensions\redhat.java-1.47.0-win32-x64\jre\21.0.8-win32-x86_64\bin\jimage.dll
Event: 0.167 Loaded shared library c:\Users\sangt\.vscode\extensions\redhat.java-1.47.0-win32-x64\jre\21.0.8-win32-x86_64\bin\verify.dll
Event: 1.170 Loaded shared library C:\Users\sangt\AppData\Roaming\Code\User\globalStorage\redhat.java\1.47.0\config_win\org.eclipse.equinox.launcher\org.eclipse.equinox.launcher.win32.win32.x86_64_1.2.1400.v20250801-0854\eclipse_11916.dll
Event: 2.690 Loaded shared library C:\Users\sangt\AppData\Local\Temp\jna-1996134450\jna15455370191856515179.dll
Event: 15.359 Loaded shared library C:\Users\sangt\.gradle\native\1def1411415f61bf3af743bc5b6707747c0891f09f0c88961ee8f79bc544acac\windows-amd64\native-platform.dll
Event: 17.441 Loaded shared library C:\Users\sangt\.vscode\extensions\redhat.java-1.47.0-win32-x64\jre\21.0.8-win32-x86_64\bin\management.dll
Event: 17.445 Loaded shared library C:\Users\sangt\.vscode\extensions\redhat.java-1.47.0-win32-x64\jre\21.0.8-win32-x86_64\bin\management_ext.dll

Deoptimization events (20 events):
Event: 18.156 Thread 0x0000023307506980 Uncommon trap: trap_request=0xffffffdc fr.pc=0x000002332c709b00 relative=0x00000000000002c0
Event: 18.156 Thread 0x0000023307506980 Uncommon trap: reason=class_check action=make_not_entrant pc=0x000002332c709b00 method=java.util.ArrayList.toArray([Ljava/lang/Object;)[Ljava/lang/Object; @ 21 c2
Event: 18.156 Thread 0x0000023307506980 DEOPT PACKING pc=0x000002332c709b00 sp=0x000000ee8defe860
Event: 18.156 Thread 0x0000023307506980 DEOPT UNPACKING pc=0x000002332bdd6da2 sp=0x000000ee8defe830 mode 2
Event: 18.230 Thread 0x0000023307507010 Uncommon trap: trap_request=0xffffffbe fr.pc=0x000002332c70ba18 relative=0x00000000000002b8
Event: 18.230 Thread 0x0000023307507010 Uncommon trap: reason=profile_predicate action=maybe_recompile pc=0x000002332c70ba18 method=java.util.regex.Pattern$BnM.optimize(Ljava/util/regex/Pattern$Node;)Ljava/util/regex/Pattern$Node; @ 67 c2
Event: 18.230 Thread 0x0000023307507010 DEOPT PACKING pc=0x000002332c70ba18 sp=0x000000ee8e4fe6b0
Event: 18.230 Thread 0x0000023307507010 DEOPT UNPACKING pc=0x000002332bdd6da2 sp=0x000000ee8e4fe638 mode 2
Event: 18.230 Thread 0x0000023307507010 Uncommon trap: trap_request=0xffffffbe fr.pc=0x000002332c70ba18 relative=0x00000000000002b8
Event: 18.230 Thread 0x0000023307507010 Uncommon trap: reason=profile_predicate action=maybe_recompile pc=0x000002332c70ba18 method=java.util.regex.Pattern$BnM.optimize(Ljava/util/regex/Pattern$Node;)Ljava/util/regex/Pattern$Node; @ 67 c2
Event: 18.230 Thread 0x0000023307507010 DEOPT PACKING pc=0x000002332c70ba18 sp=0x000000ee8e4fe6b0
Event: 18.230 Thread 0x0000023307507010 DEOPT UNPACKING pc=0x000002332bdd6da2 sp=0x000000ee8e4fe638 mode 2
Event: 18.230 Thread 0x0000023307507010 Uncommon trap: trap_request=0xffffffbe fr.pc=0x000002332c70ba18 relative=0x00000000000002b8
Event: 18.230 Thread 0x0000023307507010 Uncommon trap: reason=profile_predicate action=maybe_recompile pc=0x000002332c70ba18 method=java.util.regex.Pattern$BnM.optimize(Ljava/util/regex/Pattern$Node;)Ljava/util/regex/Pattern$Node; @ 67 c2
Event: 18.230 Thread 0x0000023307507010 DEOPT PACKING pc=0x000002332c70ba18 sp=0x000000ee8e4fe6b0
Event: 18.230 Thread 0x0000023307507010 DEOPT UNPACKING pc=0x000002332bdd6da2 sp=0x000000ee8e4fe638 mode 2
Event: 18.230 Thread 0x0000023307507010 Uncommon trap: trap_request=0xffffffbe fr.pc=0x000002332c70ba18 relative=0x00000000000002b8
Event: 18.230 Thread 0x0000023307507010 Uncommon trap: reason=profile_predicate action=maybe_recompile pc=0x000002332c70ba18 method=java.util.regex.Pattern$BnM.optimize(Ljava/util/regex/Pattern$Node;)Ljava/util/regex/Pattern$Node; @ 67 c2
Event: 18.230 Thread 0x0000023307507010 DEOPT PACKING pc=0x000002332c70ba18 sp=0x000000ee8e4fe6b0
Event: 18.230 Thread 0x0000023307507010 DEOPT UNPACKING pc=0x000002332bdd6da2 sp=0x000000ee8e4fe638 mode 2

Classes loaded (20 events):
Event: 17.988 Loading class sun/util/resources/TimeZoneNames
Event: 17.991 Loading class sun/util/resources/TimeZoneNames done
Event: 17.991 Loading class sun/util/resources/TimeZoneNames_en
Event: 17.991 Loading class sun/util/resources/TimeZoneNames_en done
Event: 18.302 Loading class java/nio/charset/CharacterCodingException
Event: 18.302 Loading class java/nio/charset/CharacterCodingException done
Event: 18.304 Loading class java/io/ObjectOutputStream$BlockDataOutputStream
Event: 18.304 Loading class java/io/ObjectOutputStream$BlockDataOutputStream done
Event: 18.304 Loading class java/io/ObjectOutputStream$HandleTable
Event: 18.304 Loading class java/io/ObjectOutputStream$HandleTable done
Event: 18.304 Loading class java/io/ObjectOutputStream$ReplaceTable
Event: 18.304 Loading class java/io/ObjectOutputStream$ReplaceTable done
Event: 18.440 Loading class java/util/PriorityQueue
Event: 18.440 Loading class java/util/PriorityQueue done
Event: 18.486 Loading class java/util/OptionalInt
Event: 18.486 Loading class java/util/OptionalInt done
Event: 18.486 Loading class java/util/OptionalLong
Event: 18.487 Loading class java/util/OptionalLong done
Event: 18.487 Loading class java/util/OptionalDouble
Event: 18.487 Loading class java/util/OptionalDouble done

Classes unloaded (13 events):
Event: 3.380 Thread 0x00000233791e44d0 Unloading class 0x00000233391b0800 'java/lang/invoke/LambdaForm$MH+0x00000233391b0800'
Event: 3.380 Thread 0x00000233791e44d0 Unloading class 0x00000233391b0400 'java/lang/invoke/LambdaForm$MH+0x00000233391b0400'
Event: 3.380 Thread 0x00000233791e44d0 Unloading class 0x00000233391b0000 'java/lang/invoke/LambdaForm$MH+0x00000233391b0000'
Event: 3.380 Thread 0x00000233791e44d0 Unloading class 0x00000233391afc00 'java/lang/invoke/LambdaForm$MH+0x00000233391afc00'
Event: 3.380 Thread 0x00000233791e44d0 Unloading class 0x00000233391af800 'java/lang/invoke/LambdaForm$BMH+0x00000233391af800'
Event: 3.380 Thread 0x00000233791e44d0 Unloading class 0x00000233391af400 'java/lang/invoke/LambdaForm$DMH+0x00000233391af400'
Event: 3.380 Thread 0x00000233791e44d0 Unloading class 0x00000233391ae400 'java/lang/invoke/LambdaForm$DMH+0x00000233391ae400'
Event: 4.930 Thread 0x00000233791e44d0 Unloading class 0x000002333931c000 'java/lang/invoke/LambdaForm$MH+0x000002333931c000'
Event: 4.930 Thread 0x00000233791e44d0 Unloading class 0x000002333931b400 'java/lang/invoke/LambdaForm$MH+0x000002333931b400'
Event: 4.930 Thread 0x00000233791e44d0 Unloading class 0x000002333931ac00 'java/lang/invoke/LambdaForm$MH+0x000002333931ac00'
Event: 4.930 Thread 0x00000233791e44d0 Unloading class 0x000002333931a400 'java/lang/invoke/LambdaForm$MH+0x000002333931a400'
Event: 4.930 Thread 0x00000233791e44d0 Unloading class 0x000002333931a000 'java/lang/invoke/LambdaForm$DMH+0x000002333931a000'
Event: 4.930 Thread 0x00000233791e44d0 Unloading class 0x0000023339319800 'java/lang/invoke/LambdaForm$MH+0x0000023339319800'

Classes redefined (0 events):
No events

Internal exceptions (20 events):
Event: 12.834 Thread 0x000002330507a3c0 Exception <a 'sun/nio/fs/WindowsException'{0x00000000d55f96e8}> (0x00000000d55f96e8) 
thrown [s\src\hotspot\share\prims\jni.cpp, line 520]
Event: 12.834 Thread 0x000002330507a3c0 Exception <a 'sun/nio/fs/WindowsException'{0x00000000d55f9db0}> (0x00000000d55f9db0) 
thrown [s\src\hotspot\share\prims\jni.cpp, line 520]
Event: 12.834 Thread 0x000002330507a3c0 Exception <a 'sun/nio/fs/WindowsException'{0x00000000d55fa488}> (0x00000000d55fa488) 
thrown [s\src\hotspot\share\prims\jni.cpp, line 520]
Event: 12.834 Thread 0x000002330507a3c0 Exception <a 'sun/nio/fs/WindowsException'{0x00000000d55fab70}> (0x00000000d55fab70) 
thrown [s\src\hotspot\share\prims\jni.cpp, line 520]
Event: 12.898 Thread 0x000002330507a3c0 Exception <a 'java/lang/NoSuchMethodError'{0x00000000d5c6bd48}: 'java.lang.Object java.lang.invoke.DirectMethodHandle$Holder.invokeVirtual(java.lang.Object, java.lang.Object, java.lang.Object, java.lang.Object)'> (0x00000000d5c6bd48) 
thrown [s\src\hotspot\share\interpreter\linkResolver.cpp, line 773]
Event: 12.901 Thread 0x000002330507a3c0 Exception <a 'java/lang/NoSuchMethodError'{0x00000000d5c8e5b8}: 'java.lang.Object java.lang.invoke.DirectMethodHandle$Holder.invokeVirtual(java.lang.Object, java.lang.Object, java.lang.Object, java.lang.Object, java.lang.Object)'> (0x00000000d5c8e5b8) 
thrown [s\src\hotspot\share\interpreter\linkResolver.cpp, line 773]
Event: 17.264 Thread 0x0000023307502150 Exception <a 'java/lang/NoSuchMethodError'{0x00000000d61c8630}: 'java.lang.Object java.lang.invoke.DirectMethodHandle$Holder.invokeVirtual(java.lang.Object, java.lang.Object, java.lang.Object, java.lang.Object, java.lang.Object, java.lang.Object)'> (0x00000000d61c8630) 
thrown [s\src\hotspot\share\interpreter\linkResolver.cpp, line 773]
Event: 17.345 Thread 0x0000023307502150 Exception <a 'java/lang/NoSuchMethodError'{0x00000000d669d060}: 'java.lang.Object java.lang.invoke.DirectMethodHandle$Holder.invokeVirtual(java.lang.Object, java.lang.Object, java.lang.Object, java.lang.Object, java.lang.Object, java.lang.Object, java.lang.Object)'> (0x00000000d669d060) 
thrown [s\src\hotspot\share\interpreter\linkResolver.cpp, line 773]
Event: 17.379 Thread 0x0000023307502150 Exception <a 'java/lang/NoSuchMethodError'{0x00000000d6880980}: 'java.lang.Object java.lang.invoke.DirectMethodHandle$Holder.invokeVirtual(java.lang.Object, java.lang.Object, java.lang.Object, java.lang.Object, java.lang.Object, java.lang.Object, java.lang.Object, java.lang.Object, java.lang.Object, java.lang.Object, java.lang.Object)'> (0x00000000d6880980) 
thrown [s\src\hotspot\share\interpreter\linkResolver.cpp, line 773]
Event: 17.384 Thread 0x0000023307502150 Exception <a 'java/lang/NoSuchMethodError'{0x00000000d68d24f0}: 'java.lang.Object java.lang.invoke.DirectMethodHandle$Holder.invokeStatic(java.lang.Object, java.lang.Object, java.lang.Object, java.lang.Object, java.lang.Object, java.lang.Object, java.lang.Object, java.lang.Object, java.lang.Object, java.lang.Object, java.lang.Object, java.lang.Object, java.lang.Object)'> (0x00000000d68d24f0) 
thrown [s\src\hotspot\share\interpreter\linkResolver.cpp, line 773]
Event: 17.610 Thread 0x000002330507a3c0 Exception <a 'sun/nio/fs/WindowsException'{0x00000000d6303610}> (0x00000000d6303610) 
thrown [s\src\hotspot\share\prims\jni.cpp, line 520]
Event: 17.614 Thread 0x0000023307504220 Exception <a 'sun/nio/fs/WindowsException'{0x00000000d633c310}> (0x00000000d633c310) 
thrown [s\src\hotspot\share\prims\jni.cpp, line 520]
Event: 17.640 Thread 0x000002330507a3c0 Exception <a 'sun/nio/fs/WindowsException'{0x00000000d6314bf8}> (0x00000000d6314bf8) 
thrown [s\src\hotspot\share\prims\jni.cpp, line 520]
Event: 17.647 Thread 0x000002330507a3c0 Exception <a 'sun/nio/fs/WindowsException'{0x00000000d6334008}> (0x00000000d6334008) 
thrown [s\src\hotspot\share\prims\jni.cpp, line 520]
Event: 17.650 Thread 0x000002330507a3c0 Exception <a 'sun/nio/fs/WindowsException'{0x00000000d63c6fd0}> (0x00000000d63c6fd0) 
thrown [s\src\hotspot\share\prims\jni.cpp, line 520]
Event: 17.909 Thread 0x000002330507a3c0 Exception <a 'sun/nio/fs/WindowsException'{0x00000000d6526b90}> (0x00000000d6526b90) 
thrown [s\src\hotspot\share\prims\jni.cpp, line 520]
Event: 17.929 Thread 0x000002330507a3c0 Exception <a 'java/io/FileNotFoundException'{0x00000000d65d8e88}> (0x00000000d65d8e88) 
thrown [s\src\hotspot\share\prims\jni.cpp, line 520]
Event: 17.930 Thread 0x000002330507a3c0 Exception <a 'java/io/FileNotFoundException'{0x00000000d65da138}> (0x00000000d65da138) 
thrown [s\src\hotspot\share\prims\jni.cpp, line 520]
Event: 17.930 Thread 0x000002330507a3c0 Exception <a 'java/io/FileNotFoundException'{0x00000000d65db140}> (0x00000000d65db140) 
thrown [s\src\hotspot\share\prims\jni.cpp, line 520]
Event: 18.047 Thread 0x000002330507a3c0 Exception <a 'sun/nio/fs/WindowsException'{0x00000000d6784058}> (0x00000000d6784058) 
thrown [s\src\hotspot\share\prims\jni.cpp, line 520]

ZGC Phase Switch (0 events):
No events

VM Operations (20 events):
Event: 15.568 Executing VM operation: Cleanup done
Event: 15.657 Executing VM operation: ParallelGCFailedAllocation (Allocation Failure)
Event: 15.660 Executing VM operation: ParallelGCFailedAllocation (Allocation Failure) done
Event: 16.290 Executing VM operation: ParallelGCFailedAllocation (Allocation Failure)
Event: 16.293 Executing VM operation: ParallelGCFailedAllocation (Allocation Failure) done
Event: 16.748 Executing VM operation: ParallelGCFailedAllocation (Allocation Failure)
Event: 16.749 Executing VM operation: ParallelGCFailedAllocation (Allocation Failure) done
Event: 17.045 Executing VM operation: ParallelGCFailedAllocation (Allocation Failure)
Event: 17.047 Executing VM operation: ParallelGCFailedAllocation (Allocation Failure) done
Event: 17.250 Executing VM operation: HandshakeAllThreads (Deoptimize)
Event: 17.250 Executing VM operation: HandshakeAllThreads (Deoptimize) done
Event: 17.406 Executing VM operation: ParallelGCFailedAllocation (Allocation Failure)
Event: 17.407 Executing VM operation: ParallelGCFailedAllocation (Allocation Failure) done
Event: 17.571 Executing VM operation: HandshakeAllThreads (Deoptimize)
Event: 17.571 Executing VM operation: HandshakeAllThreads (Deoptimize) done
Event: 17.645 Executing VM operation: HandshakeAllThreads (Deoptimize)
Event: 17.645 Executing VM operation: HandshakeAllThreads (Deoptimize) done
Event: 18.276 Executing VM operation: ParallelGCFailedAllocation (Allocation Failure)
Event: 18.278 Executing VM operation: ParallelGCFailedAllocation (Allocation Failure) done
Event: 19.278 Executing VM operation: Cleanup

Memory protections (0 events):
No events

Nmethod flushes (20 events):
Event: 4.940 Thread 0x00000233791e44d0 flushing  nmethod 0x0000023324e71d10
Event: 4.940 Thread 0x00000233791e44d0 flushing  nmethod 0x0000023324e72a90
Event: 4.940 Thread 0x00000233791e44d0 flushing  nmethod 0x0000023324e73210
Event: 4.940 Thread 0x00000233791e44d0 flushing  nmethod 0x0000023324e74790
Event: 4.940 Thread 0x00000233791e44d0 flushing  nmethod 0x0000023324e75090
Event: 4.940 Thread 0x00000233791e44d0 flushing  nmethod 0x0000023324e76e90
Event: 4.940 Thread 0x00000233791e44d0 flushing  nmethod 0x0000023324e77310
Event: 4.940 Thread 0x00000233791e44d0 flushing  nmethod 0x0000023324e77810
Event: 4.940 Thread 0x00000233791e44d0 flushing  nmethod 0x0000023324e80810
Event: 4.940 Thread 0x00000233791e44d0 flushing  nmethod 0x0000023324e81390
Event: 4.940 Thread 0x00000233791e44d0 flushing  nmethod 0x0000023324e82210
Event: 4.940 Thread 0x00000233791e44d0 flushing  nmethod 0x0000023324e85d10
Event: 4.940 Thread 0x00000233791e44d0 flushing  nmethod 0x0000023324eb1110
Event: 4.940 Thread 0x00000233791e44d0 flushing  nmethod 0x0000023324eb6890
Event: 4.940 Thread 0x00000233791e44d0 flushing  nmethod 0x0000023324ebe410
Event: 4.940 Thread 0x00000233791e44d0 flushing  nmethod 0x0000023324f10210
Event: 4.940 Thread 0x00000233791e44d0 flushing  nmethod 0x0000023324f36e10
Event: 4.940 Thread 0x00000233791e44d0 flushing  nmethod 0x0000023324f49f90
Event: 4.940 Thread 0x00000233791e44d0 flushing  nmethod 0x0000023324f4b410
Event: 4.940 Thread 0x00000233791e44d0 flushing  nmethod 0x0000023324f6d090

Events (20 events):
Event: 17.012 Thread 0x0000023308725850 Thread exited: 0x0000023308725850
Event: 17.532 Thread 0x0000023307502150 Thread exited: 0x0000023307502150
Event: 17.550 Thread 0x000002330404a9f0 Thread added: 0x0000023305a6af80
Event: 17.551 Thread 0x000002330507a3c0 Thread added: 0x0000023307503b90
Event: 17.553 Thread 0x000002330507a3c0 Thread added: 0x0000023307502150
Event: 17.558 Thread 0x000002330404d670 Thread added: 0x0000023309424270
Event: 17.587 Thread 0x0000023307502150 Thread exited: 0x0000023307502150
Event: 17.595 Thread 0x000002330507a3c0 Thread added: 0x00000233075055d0
Event: 17.612 Thread 0x000002330507a3c0 Thread added: 0x0000023307504220
Event: 17.612 Thread 0x0000023307504220 Thread added: 0x00000233075048b0
Event: 17.613 Thread 0x00000233075048b0 Thread added: 0x0000023307504f40
Event: 17.614 Thread 0x0000023307504f40 Thread added: 0x0000023307502150
Event: 17.615 Thread 0x0000023307504220 Thread added: 0x0000023307505c60
Event: 17.724 Thread 0x0000023309424270 Thread exited: 0x0000023309424270
Event: 17.724 Thread 0x0000023305a6af80 Thread exited: 0x0000023305a6af80
Event: 18.065 Thread 0x000002330507a3c0 Thread added: 0x00000233075062f0
Event: 18.069 Thread 0x000002330507a3c0 Thread added: 0x0000023307506980
Event: 18.202 Thread 0x0000023307506980 Thread exited: 0x0000023307506980
Event: 18.203 Thread 0x000002330507a3c0 Thread added: 0x0000023307506980
Event: 18.207 Thread 0x000002330507a3c0 Thread added: 0x0000023307507010


Dynamic libraries:
0x00007ff663f00000 - 0x00007ff663f0e000 	c:\Users\sangt\.vscode\extensions\redhat.java-1.47.0-win32-x64\jre\21.0.8-win32-x86_64\bin\java.exe
0x00007ffdfe420000 - 0x00007ffdfe688000 	C:\WINDOWS\SYSTEM32\ntdll.dll
0x00007ffdfde70000 - 0x00007ffdfdf39000 	C:\WINDOWS\System32\KERNEL32.DLL
0x00007ffdfbca0000 - 0x00007ffdfc092000 	C:\WINDOWS\System32\KERNELBASE.dll
0x00007ffdfb5b0000 - 0x00007ffdfb6fb000 	C:\WINDOWS\System32\ucrtbase.dll
0x00007ffdc7710000 - 0x00007ffdc7728000 	c:\Users\sangt\.vscode\extensions\redhat.java-1.47.0-win32-x64\jre\21.0.8-win32-x86_64\bin\jli.dll
0x00007ffdcd150000 - 0x00007ffdcd16e000 	c:\Users\sangt\.vscode\extensions\redhat.java-1.47.0-win32-x64\jre\21.0.8-win32-x86_64\bin\VCRUNTIME140.dll
0x00007ffdfd410000 - 0x00007ffdfd5d5000 	C:\WINDOWS\System32\USER32.dll
0x00007ffdd7dc0000 - 0x00007ffdd8053000 	C:\WINDOWS\WinSxS\amd64_microsoft.windows.common-controls_6595b64144ccf1df_6.0.26100.6725_none_3e085828e334708b\COMCTL32.dll
0x00007ffdfb9b0000 - 0x00007ffdfb9d7000 	C:\WINDOWS\System32\win32u.dll
0x00007ffdfd710000 - 0x00007ffdfd7b9000 	C:\WINDOWS\System32\msvcrt.dll
0x00007ffdfd6e0000 - 0x00007ffdfd70b000 	C:\WINDOWS\System32\GDI32.dll
0x00007ffdfb880000 - 0x00007ffdfb9ad000 	C:\WINDOWS\System32\gdi32full.dll
0x00007ffdfba80000 - 0x00007ffdfbb23000 	C:\WINDOWS\System32\msvcp_win.dll
0x00007ffdfe390000 - 0x00007ffdfe3bf000 	C:\WINDOWS\System32\IMM32.DLL
0x00007ffdd69c0000 - 0x00007ffdd69cc000 	c:\Users\sangt\.vscode\extensions\redhat.java-1.47.0-win32-x64\jre\21.0.8-win32-x86_64\bin\vcruntime140_1.dll
0x00007ffdafbc0000 - 0x00007ffdafc4d000 	c:\Users\sangt\.vscode\extensions\redhat.java-1.47.0-win32-x64\jre\21.0.8-win32-x86_64\bin\msvcp140.dll
0x00007ffd6be70000 - 0x00007ffd6cc07000 	c:\Users\sangt\.vscode\extensions\redhat.java-1.47.0-win32-x64\jre\21.0.8-win32-x86_64\bin\server\jvm.dll
0x00007ffdfdf60000 - 0x00007ffdfe014000 	C:\WINDOWS\System32\ADVAPI32.dll
0x00007ffdfc410000 - 0x00007ffdfc4b6000 	C:\WINDOWS\System32\sechost.dll
0x00007ffdfe020000 - 0x00007ffdfe138000 	C:\WINDOWS\System32\RPCRT4.dll
0x00007ffdfc390000 - 0x00007ffdfc404000 	C:\WINDOWS\System32\WS2_32.dll
0x00007ffdfae20000 - 0x00007ffdfae7e000 	C:\WINDOWS\SYSTEM32\POWRPROF.dll
0x00007ffdee290000 - 0x00007ffdee2c5000 	C:\WINDOWS\SYSTEM32\WINMM.dll
0x00007ffdf0d90000 - 0x00007ffdf0d9b000 	C:\WINDOWS\SYSTEM32\VERSION.dll
0x00007ffdfae00000 - 0x00007ffdfae14000 	C:\WINDOWS\SYSTEM32\UMPDC.dll
0x00007ffdfa380000 - 0x00007ffdfa39b000 	C:\WINDOWS\SYSTEM32\kernel.appcore.dll
0x00007ffdd69b0000 - 0x00007ffdd69ba000 	c:\Users\sangt\.vscode\extensions\redhat.java-1.47.0-win32-x64\jre\21.0.8-win32-x86_64\bin\jimage.dll
0x00007ffdf8970000 - 0x00007ffdf8bb2000 	C:\WINDOWS\SYSTEM32\DBGHELP.DLL
0x00007ffdfc530000 - 0x00007ffdfc8ab000 	C:\WINDOWS\System32\combase.dll
0x00007ffdfc280000 - 0x00007ffdfc357000 	C:\WINDOWS\System32\OLEAUT32.dll
0x00007ffdd6b50000 - 0x00007ffdd6b8c000 	C:\WINDOWS\SYSTEM32\dbgcore.DLL
0x00007ffdfb9e0000 - 0x00007ffdfba78000 	C:\WINDOWS\System32\bcryptPrimitives.dll
0x00007ffdd4d90000 - 0x00007ffdd4d9f000 	c:\Users\sangt\.vscode\extensions\redhat.java-1.47.0-win32-x64\jre\21.0.8-win32-x86_64\bin\instrument.dll
0x00007ffdc72f0000 - 0x00007ffdc730f000 	c:\Users\sangt\.vscode\extensions\redhat.java-1.47.0-win32-x64\jre\21.0.8-win32-x86_64\bin\java.dll
0x00007ffdfc930000 - 0x00007ffdfd07c000 	C:\WINDOWS\System32\SHELL32.dll
0x00007ffdfbb30000 - 0x00007ffdfbc9b000 	C:\WINDOWS\System32\wintypes.dll
0x00007ffdf91f0000 - 0x00007ffdf9a4d000 	C:\WINDOWS\SYSTEM32\windows.storage.dll
0x00007ffdfd5e0000 - 0x00007ffdfd6d2000 	C:\WINDOWS\System32\SHCORE.dll
0x00007ffdfc8b0000 - 0x00007ffdfc912000 	C:\WINDOWS\System32\shlwapi.dll
0x00007ffdfb4d0000 - 0x00007ffdfb4f9000 	C:\WINDOWS\SYSTEM32\profapi.dll
0x00007ffdcd540000 - 0x00007ffdcd558000 	c:\Users\sangt\.vscode\extensions\redhat.java-1.47.0-win32-x64\jre\21.0.8-win32-x86_64\bin\zip.dll
0x00007ffdd9a40000 - 0x00007ffdd9a50000 	C:\Users\sangt\.vscode\extensions\redhat.java-1.47.0-win32-x64\jre\21.0.8-win32-x86_64\bin\net.dll
0x00007ffdf44b0000 - 0x00007ffdf45cf000 	C:\WINDOWS\SYSTEM32\WINHTTP.dll
0x00007ffdfa8f0000 - 0x00007ffdfa95b000 	C:\WINDOWS\system32\mswsock.dll
0x00007ffdc1a40000 - 0x00007ffdc1a56000 	C:\Users\sangt\.vscode\extensions\redhat.java-1.47.0-win32-x64\jre\21.0.8-win32-x86_64\bin\nio.dll
0x00007ffdd5060000 - 0x00007ffdd5070000 	c:\Users\sangt\.vscode\extensions\redhat.java-1.47.0-win32-x64\jre\21.0.8-win32-x86_64\bin\verify.dll
0x00007ffda9890000 - 0x00007ffda98d4000 	C:\Users\sangt\AppData\Roaming\Code\User\globalStorage\redhat.java\1.47.0\config_win\org.eclipse.equinox.launcher\org.eclipse.equinox.launcher.win32.win32.x86_64_1.2.1400.v20250801-0854\eclipse_11916.dll
0x00007ffdfd260000 - 0x00007ffdfd3f8000 	C:\WINDOWS\System32\ole32.dll
0x00007ffdfaba0000 - 0x00007ffdfabbb000 	C:\WINDOWS\SYSTEM32\CRYPTSP.dll
0x00007ffdfa2e0000 - 0x00007ffdfa31b000 	C:\WINDOWS\system32\rsaenh.dll
0x00007ffdfa990000 - 0x00007ffdfa9bb000 	C:\WINDOWS\SYSTEM32\USERENV.dll
0x00007ffdfb4a0000 - 0x00007ffdfb4c6000 	C:\WINDOWS\SYSTEM32\bcrypt.dll
0x00007ffdfabc0000 - 0x00007ffdfabcc000 	C:\WINDOWS\SYSTEM32\CRYPTBASE.dll
0x00007ffdf9d50000 - 0x00007ffdf9d84000 	C:\WINDOWS\SYSTEM32\IPHLPAPI.DLL
0x00007ffdfc920000 - 0x00007ffdfc92a000 	C:\WINDOWS\System32\NSI.dll
0x00007ffdb0280000 - 0x00007ffdb02c9000 	C:\Users\sangt\AppData\Local\Temp\jna-1996134450\jna15455370191856515179.dll
0x00007ffdfd400000 - 0x00007ffdfd408000 	C:\WINDOWS\System32\PSAPI.DLL
0x00007ffdf4650000 - 0x00007ffdf466e000 	C:\WINDOWS\SYSTEM32\dhcpcsvc6.DLL
0x00007ffdf4480000 - 0x00007ffdf44a3000 	C:\WINDOWS\SYSTEM32\dhcpcsvc.DLL
0x00007ffdf3e40000 - 0x00007ffdf3e67000 	C:\Users\sangt\.gradle\native\1def1411415f61bf3af743bc5b6707747c0891f09f0c88961ee8f79bc544acac\windows-amd64\native-platform.dll
0x00007ffdd2d10000 - 0x00007ffdd2d1a000 	C:\Users\sangt\.vscode\extensions\redhat.java-1.47.0-win32-x64\jre\21.0.8-win32-x86_64\bin\management.dll
0x00007ffdd20f0000 - 0x00007ffdd20fb000 	C:\Users\sangt\.vscode\extensions\redhat.java-1.47.0-win32-x64\jre\21.0.8-win32-x86_64\bin\management_ext.dll

JVMTI agents:
c:\Users\sangt\.vscode\extensions\redhat.java-1.47.0-win32-x64\lombok\lombok-1.18.39-4050.jar path:c:\Users\sangt\.vscode\extensions\redhat.java-1.47.0-win32-x64\jre\21.0.8-win32-x86_64\bin\instrument.dll, loaded, initialized, instrumentlib options:none

dbghelp: loaded successfully - version: 4.0.5 - missing functions: none
symbol engine: initialized successfully - sym options: 0x614 - pdb path: .;c:\Users\sangt\.vscode\extensions\redhat.java-1.47.0-win32-x64\jre\21.0.8-win32-x86_64\bin;C:\WINDOWS\SYSTEM32;C:\WINDOWS\WinSxS\amd64_microsoft.windows.common-controls_6595b64144ccf1df_6.0.26100.6725_none_3e085828e334708b;c:\Users\sangt\.vscode\extensions\redhat.java-1.47.0-win32-x64\jre\21.0.8-win32-x86_64\bin\server;C:\Users\sangt\AppData\Roaming\Code\User\globalStorage\redhat.java\1.47.0\config_win\org.eclipse.equinox.launcher\org.eclipse.equinox.launcher.win32.win32.x86_64_1.2.1400.v20250801-0854;C:\Users\sangt\AppData\Local\Temp\jna-1996134450;C:\Users\sangt\.gradle\native\1def1411415f61bf3af743bc5b6707747c0891f09f0c88961ee8f79bc544acac\windows-amd64

VM Arguments:
jvm_args: --add-modules=ALL-SYSTEM --add-opens=java.base/java.util=ALL-UNNAMED --add-opens=java.base/java.lang=ALL-UNNAMED --add-opens=java.base/sun.nio.fs=ALL-UNNAMED -Declipse.application=org.eclipse.jdt.ls.core.id1 -Dosgi.bundles.defaultStartLevel=4 -Declipse.product=org.eclipse.jdt.ls.core.product -Djava.import.generatesMetadataFilesAtProjectRoot=false -DDetectVMInstallationsJob.disabled=true -Dfile.encoding=utf8 -XX:+UseParallelGC -XX:GCTimeRatio=4 -XX:AdaptiveSizePolicyWeight=90 -Dsun.zip.disableMemoryMapping=true -Xmx2G -Xms100m -Xlog:disable -javaagent:c:\Users\sangt\.vscode\extensions\redhat.java-1.47.0-win32-x64\lombok\lombok-1.18.39-4050.jar -XX:+HeapDumpOnOutOfMemoryError -XX:HeapDumpPath=c:\Users\sangt\AppData\Roaming\Code\User\workspaceStorage\5f22a2f0accf916092cfcaf2fe6e7c8b\redhat.java -Daether.dependencyCollector.impl=bf 
java_command: c:\Users\sangt\.vscode\extensions\redhat.java-1.47.0-win32-x64\server\plugins\org.eclipse.equinox.launcher_1.7.100.v20251014-1222.jar -configuration c:\Users\sangt\AppData\Roaming\Code\User\globalStorage\redhat.java\1.47.0\config_win -data c:\Users\sangt\AppData\Roaming\Code\User\workspaceStorage\5f22a2f0accf916092cfcaf2fe6e7c8b\redhat.java\jdt_ws --pipe=\\.\pipe\lsp-0cb50739f3e1c70ac3a23377dcb77e1d-sock
java_class_path (initial): c:\Users\sangt\.vscode\extensions\redhat.java-1.47.0-win32-x64\server\plugins\org.eclipse.equinox.launcher_1.7.100.v20251014-1222.jar
Launcher Type: SUN_STANDARD

[Global flags]
    uintx AdaptiveSizePolicyWeight                 = 90                                        {product} {command line}
     intx CICompilerCount                          = 4                                         {product} {ergonomic}
    uintx GCTimeRatio                              = 4                                         {product} {command line}
     bool HeapDumpOnOutOfMemoryError               = true                                   {manageable} {command line}
    ccstr HeapDumpPath                             = c:\Users\sangt\AppData\Roaming\Code\User\workspaceStorage\5f22a2f0accf916092cfcaf2fe6e7c8b\redhat.java         {manageable} {command line}
   size_t InitialHeapSize                          = 104857600                                 {product} {command line}
   size_t MaxHeapSize                              = 2147483648                                {product} {command line}
   size_t MaxNewSize                               = 715653120                                 {product} {ergonomic}
   size_t MinHeapDeltaBytes                        = 524288                                    {product} {ergonomic}
   size_t MinHeapSize                              = 104857600                                 {product} {command line}
   size_t NewSize                                  = 34603008                                  {product} {ergonomic}
    uintx NonNMethodCodeHeapSize                   = 5839372                                {pd product} {ergonomic}
    uintx NonProfiledCodeHeapSize                  = 122909434                              {pd product} {ergonomic}
   size_t OldSize                                  = 70254592                                  {product} {ergonomic}
    uintx ProfiledCodeHeapSize                     = 122909434                              {pd product} {ergonomic}
    uintx ReservedCodeCacheSize                    = 251658240                              {pd product} {ergonomic}
     bool SegmentedCodeCache                       = true                                      {product} {ergonomic}
   size_t SoftMaxHeapSize                          = 2147483648                             {manageable} {ergonomic}
     bool UseCompressedOops                        = true                           {product lp64_product} {ergonomic}
     bool UseLargePagesIndividualAllocation        = false                                  {pd product} {ergonomic}
     bool UseParallelGC                            = true                                      {product} {command line}

Logging:
Log output configuration:
 #0: stdout all=off uptime,level,tags foldmultilines=false
 #1: stderr all=off uptime,level,tags foldmultilines=false

Environment Variables:
PATH=C:\Program Files\Eclipse Adoptium\jdk-17.0.15.6-hotspot\bin;C:\Python313\Scripts\;C:\Python313\;C:\Program Files\Common Files\Oracle\Java\javapath;C:\windows\system32;C:\windows;C:\windows\System32\Wbem;C:\windows\System32\WindowsPowerShell\v1.0\;C:\windows\System32\OpenSSH\;C:\Program Files (x86)\NVIDIA Corporation\PhysX\Common;C:\Program Files\NVIDIA Corporation\NVIDIA NvDLISR;C:\WINDOWS\system32;C:\WINDOWS;C:\WINDOWS\System32\Wbem;C:\WINDOWS\System32\WindowsPowerShell\v1.0\;C:\WINDOWS\System32\OpenSSH\;C:\Program Files\HP\HP One Agent;C:\WINDOWS\system32;C:\WINDOWS;C:\WINDOWS\System32\Wbem;C:\WINDOWS\System32\WindowsPowerShell\v1.0\;C:\WINDOWS\System32\OpenSSH\;C:\Program Files\nodejs\;C:\ProgramData\chocolatey\bin;C:\Program Files\MySQL\MySQL Server 9.2\bin;C:\Users\sangt\AppData\Local\Microsoft\WindowsApps;C:\Users\sangt\AppData\Roaming\npm;C:\Users\sangt\Downloads\flutter_windows_3.29.3-stable\flutter\bin;C:\Program Files\dotnet\;C:\Users\sangt\AppData\Local\Android\Sdk\platform-tools;C:\Program Files\Git\cmd;C:\Users\sangt\AppData\Local\Android\Sdk\flutter\bin;D:\;C:\Program Files\Docker\Docker\resources\bin;C:\Users\sangt\AppData\Local\Microsoft\WindowsApps;C:\Users\sangt\AppData\Roaming\npm;E:\Microsoft VS Code\bin;C:\tools\dart-sdk\bin;C:\Users\sangt\AppData\Local\Pub\Cache\bin;C:\Users\sangt\.dotnet\tools;C:\Users\sangt\AppData\Local\Android\Sdk\flutter\bin;C:\Users\sangt\AppData\Local\Android\Sdk\platform-tools;C:\Users\sangt\AppData\Local\Android\Sdk\emulator;C:\Users\sangt\AppData\Local\Android\Sdk\tools;C:\Users\sangt\AppData\Local\Android\Sdk\tools\bin;;C:\Program Files\JetBrains\WebStorm 2025.1.1\bin;
USERNAME=sangtran
OS=Windows_NT
PROCESSOR_IDENTIFIER=Intel64 Family 6 Model 141 Stepping 1, GenuineIntel
TMP=C:\Users\sangt\AppData\Local\Temp
TEMP=C:\Users\sangt\AppData\Local\Temp




Periodic native trim disabled

---------------  S Y S T E M  ---------------

OS:
 Windows 11 , 64 bit Build 26100 (10.0.26100.6725)
OS uptime: 0 days 0:54 hours
Hyper-V role detected

CPU: total 12 (initial active 12) (6 cores per cpu, 2 threads per core) family 6 model 141 stepping 1 microcode 0x4e, cx8, cmov, fxsr, ht, mmx, 3dnowpref, sse, sse2, sse3, ssse3, sse4.1, sse4.2, popcnt, lzcnt, tsc, tscinvbit, avx, avx2, aes, erms, clmul, bmi1, bmi2, adx, avx512f, avx512dq, avx512cd, avx512bw, avx512vl, sha, fma, vzeroupper, avx512_vpopcntdq, avx512_vpclmulqdq, avx512_vaes, avx512_vnni, clflush, clflushopt, clwb, avx512_vbmi2, avx512_vbmi, hv, rdtscp, rdpid, fsrm, gfni, avx512_bitalg, f16c, cet_ibt, cet_ss, avx512_ifma
Processor Information for the first 12 processors :
  Max Mhz: 2688, Current Mhz: 2688, Mhz Limit: 2688

Memory: 4k page, system-wide physical 20117M (1769M free)
TotalPageFile size 28309M (AvailPageFile size 95M)
current process WorkingSet (physical memory assigned to process): 239M, peak: 245M
current process commit charge ("private bytes"): 348M, peak: 364M

vm_info: OpenJDK 64-Bit Server VM (21.0.8+9-LTS) for windows-amd64 JRE (21.0.8+9-LTS), built on 2025-07-15T00:00:00Z by "admin" with MS VC++ 17.7 (VS2022)

END.
